{"C:\\Trabalho\\dev\\src\\models\\appointment.ts": {"path":"C:\\Trabalho\\dev\\src\\models\\appointment.ts","all":false,"statementMap":{"0":{"start":{"line":1,"column":0},"end":{"line":1,"column":33}},"1":{"start":{"line":2,"column":0},"end":{"line":2,"column":0}},"2":{"start":{"line":3,"column":0},"end":{"line":3,"column":26}},"3":{"start":{"line":4,"column":0},"end":{"line":4,"column":15}},"4":{"start":{"line":5,"column":0},"end":{"line":5,"column":14}},"5":{"start":{"line":6,"column":0},"end":{"line":6,"column":19}},"6":{"start":{"line":7,"column":0},"end":{"line":7,"column":18}},"7":{"start":{"line":8,"column":0},"end":{"line":8,"column":28}},"8":{"start":{"line":9,"column":0},"end":{"line":9,"column":20}},"9":{"start":{"line":10,"column":0},"end":{"line":10,"column":28}},"10":{"start":{"line":11,"column":0},"end":{"line":11,"column":29}},"11":{"start":{"line":12,"column":0},"end":{"line":12,"column":1}}},"s":{"0":1,"1":1,"2":1,"3":1,"4":339,"5":339,"6":339,"7":339,"8":339,"9":339,"10":339,"11":344},"branchMap":{"0":{"type":"branch","line":4,"loc":{"start":{"line":4,"column":4},"end":{"line":11,"column":29}},"locations":[{"start":{"line":4,"column":4},"end":{"line":11,"column":29}}]},"1":{"type":"branch","line":12,"loc":{"start":{"line":12,"column":0},"end":{"line":12,"column":1}},"locations":[{"start":{"line":12,"column":0},"end":{"line":12,"column":1}}]}},"b":{"0":[339],"1":[344]},"fnMap":{"0":{"name":"<instance_members_initializer>","decl":{"start":{"line":4,"column":4},"end":{"line":11,"column":29}},"loc":{"start":{"line":4,"column":4},"end":{"line":11,"column":29}},"line":4},"1":{"name":"get","decl":{"start":{"line":12,"column":0},"end":{"line":12,"column":1}},"loc":{"start":{"line":12,"column":0},"end":{"line":12,"column":1}},"line":12}},"f":{"0":339,"1":344}}
,"C:\\Trabalho\\dev\\src\\models\\client.ts": {"path":"C:\\Trabalho\\dev\\src\\models\\client.ts","all":false,"statementMap":{"0":{"start":{"line":1,"column":0},"end":{"line":1,"column":21}},"1":{"start":{"line":2,"column":0},"end":{"line":2,"column":22}},"2":{"start":{"line":3,"column":0},"end":{"line":3,"column":16}},"3":{"start":{"line":4,"column":0},"end":{"line":4,"column":17}},"4":{"start":{"line":5,"column":0},"end":{"line":5,"column":22}},"5":{"start":{"line":6,"column":0},"end":{"line":6,"column":25}},"6":{"start":{"line":7,"column":0},"end":{"line":7,"column":25}},"7":{"start":{"line":8,"column":0},"end":{"line":8,"column":28}},"8":{"start":{"line":9,"column":0},"end":{"line":9,"column":28}},"9":{"start":{"line":10,"column":0},"end":{"line":10,"column":18}},"10":{"start":{"line":11,"column":0},"end":{"line":11,"column":18}},"11":{"start":{"line":12,"column":0},"end":{"line":12,"column":1}}},"s":{"0":1,"1":1,"2":25,"3":25,"4":25,"5":25,"6":25,"7":25,"8":25,"9":25,"10":25,"11":27},"branchMap":{"0":{"type":"branch","line":2,"loc":{"start":{"line":2,"column":4},"end":{"line":11,"column":18}},"locations":[{"start":{"line":2,"column":4},"end":{"line":11,"column":18}}]},"1":{"type":"branch","line":12,"loc":{"start":{"line":12,"column":0},"end":{"line":12,"column":1}},"locations":[{"start":{"line":12,"column":0},"end":{"line":12,"column":1}}]}},"b":{"0":[25],"1":[27]},"fnMap":{"0":{"name":"<instance_members_initializer>","decl":{"start":{"line":2,"column":4},"end":{"line":11,"column":18}},"loc":{"start":{"line":2,"column":4},"end":{"line":11,"column":18}},"line":2},"1":{"name":"get","decl":{"start":{"line":12,"column":0},"end":{"line":12,"column":1}},"loc":{"start":{"line":12,"column":0},"end":{"line":12,"column":1}},"line":12}},"f":{"0":25,"1":27}}
,"C:\\Trabalho\\dev\\src\\models\\schedule.ts": {"path":"C:\\Trabalho\\dev\\src\\models\\schedule.ts","all":false,"statementMap":{"0":{"start":{"line":1,"column":0},"end":{"line":1,"column":23}},"1":{"start":{"line":2,"column":0},"end":{"line":2,"column":18}},"2":{"start":{"line":3,"column":0},"end":{"line":3,"column":19}},"3":{"start":{"line":4,"column":0},"end":{"line":4,"column":17}},"4":{"start":{"line":5,"column":0},"end":{"line":5,"column":15}},"5":{"start":{"line":6,"column":0},"end":{"line":6,"column":20}},"6":{"start":{"line":7,"column":0},"end":{"line":7,"column":17}},"7":{"start":{"line":8,"column":0},"end":{"line":8,"column":19}},"8":{"start":{"line":9,"column":0},"end":{"line":9,"column":55}},"9":{"start":{"line":10,"column":0},"end":{"line":10,"column":74}},"10":{"start":{"line":11,"column":0},"end":{"line":11,"column":23}},"11":{"start":{"line":12,"column":0},"end":{"line":12,"column":31}},"12":{"start":{"line":13,"column":0},"end":{"line":13,"column":28}},"13":{"start":{"line":14,"column":0},"end":{"line":14,"column":26}},"14":{"start":{"line":15,"column":0},"end":{"line":15,"column":5}},"15":{"start":{"line":16,"column":0},"end":{"line":16,"column":1}}},"s":{"0":1,"1":1,"2":10,"3":10,"4":10,"5":10,"6":10,"7":1,"8":10,"9":10,"10":10,"11":10,"12":10,"13":10,"14":10,"15":10},"branchMap":{"0":{"type":"branch","line":2,"loc":{"start":{"line":2,"column":4},"end":{"line":7,"column":17}},"locations":[{"start":{"line":2,"column":4},"end":{"line":7,"column":17}}]},"1":{"type":"branch","line":8,"loc":{"start":{"line":8,"column":4},"end":{"line":16,"column":1}},"locations":[{"start":{"line":8,"column":4},"end":{"line":16,"column":1}}]},"2":{"type":"branch","line":16,"loc":{"start":{"line":16,"column":0},"end":{"line":16,"column":1}},"locations":[{"start":{"line":16,"column":0},"end":{"line":16,"column":1}}]}},"b":{"0":[10],"1":[10],"2":[10]},"fnMap":{"0":{"name":"<instance_members_initializer>","decl":{"start":{"line":2,"column":4},"end":{"line":7,"column":17}},"loc":{"start":{"line":2,"column":4},"end":{"line":7,"column":17}},"line":2},"1":{"name":"Schedule","decl":{"start":{"line":8,"column":4},"end":{"line":16,"column":1}},"loc":{"start":{"line":8,"column":4},"end":{"line":16,"column":1}},"line":8},"2":{"name":"get","decl":{"start":{"line":16,"column":0},"end":{"line":16,"column":1}},"loc":{"start":{"line":16,"column":0},"end":{"line":16,"column":1}},"line":16}},"f":{"0":10,"1":10,"2":10}}
,"C:\\Trabalho\\dev\\src\\modules\\appointments\\services\\05-show-client-appointments\\index.spec.ts": {"path":"C:\\Trabalho\\dev\\src\\modules\\appointments\\services\\05-show-client-appointments\\index.spec.ts","all":false,"statementMap":{"0":{"start":{"line":1,"column":0},"end":{"line":1,"column":51}},"1":{"start":{"line":2,"column":0},"end":{"line":2,"column":42}},"2":{"start":{"line":3,"column":0},"end":{"line":3,"column":109}},"3":{"start":{"line":4,"column":0},"end":{"line":4,"column":60}},"4":{"start":{"line":5,"column":0},"end":{"line":5,"column":0}},"5":{"start":{"line":6,"column":0},"end":{"line":6,"column":54}},"6":{"start":{"line":7,"column":0},"end":{"line":7,"column":83}},"7":{"start":{"line":8,"column":0},"end":{"line":8,"column":66}},"8":{"start":{"line":9,"column":0},"end":{"line":9,"column":105}},"9":{"start":{"line":10,"column":0},"end":{"line":10,"column":0}},"10":{"start":{"line":11,"column":0},"end":{"line":11,"column":62}},"11":{"start":{"line":12,"column":0},"end":{"line":12,"column":49}},"12":{"start":{"line":13,"column":0},"end":{"line":13,"column":8}},"13":{"start":{"line":14,"column":0},"end":{"line":14,"column":53}},"14":{"start":{"line":15,"column":0},"end":{"line":15,"column":6}},"15":{"start":{"line":16,"column":0},"end":{"line":16,"column":2}}},"s":{"0":1,"1":1,"2":1,"3":1,"4":1,"5":1,"6":1,"7":1,"8":1,"9":1,"10":1,"11":1,"12":1,"13":1,"14":1,"15":1},"branchMap":{"0":{"type":"branch","line":6,"loc":{"start":{"line":6,"column":47},"end":{"line":16,"column":2}},"locations":[{"start":{"line":6,"column":47},"end":{"line":16,"column":2}}]},"1":{"type":"branch","line":7,"loc":{"start":{"line":7,"column":70},"end":{"line":15,"column":6}},"locations":[{"start":{"line":7,"column":70},"end":{"line":15,"column":6}}]},"2":{"type":"branch","line":9,"loc":{"start":{"line":9,"column":74},"end":{"line":9,"column":105}},"locations":[{"start":{"line":9,"column":74},"end":{"line":9,"column":105}}]}},"b":{"0":[1],"1":[1],"2":[1]},"fnMap":{},"f":{}}
,"C:\\Trabalho\\dev\\src\\modules\\appointments\\services\\05-show-client-appointments\\index.ts": {"path":"C:\\Trabalho\\dev\\src\\modules\\appointments\\services\\05-show-client-appointments\\index.ts","all":false,"statementMap":{"0":{"start":{"line":1,"column":0},"end":{"line":1,"column":78}},"1":{"start":{"line":2,"column":0},"end":{"line":2,"column":60}},"2":{"start":{"line":3,"column":0},"end":{"line":3,"column":55}},"3":{"start":{"line":4,"column":0},"end":{"line":4,"column":0}},"4":{"start":{"line":5,"column":0},"end":{"line":5,"column":29}},"5":{"start":{"line":6,"column":0},"end":{"line":6,"column":29}},"6":{"start":{"line":7,"column":0},"end":{"line":7,"column":0}},"7":{"start":{"line":8,"column":0},"end":{"line":8,"column":75}},"8":{"start":{"line":9,"column":0},"end":{"line":9,"column":0}},"9":{"start":{"line":10,"column":0},"end":{"line":10,"column":16}},"10":{"start":{"line":11,"column":0},"end":{"line":11,"column":59}},"11":{"start":{"line":12,"column":0},"end":{"line":12,"column":9}},"12":{"start":{"line":13,"column":0},"end":{"line":13,"column":0}},"13":{"start":{"line":14,"column":0},"end":{"line":14,"column":56}},"14":{"start":{"line":15,"column":0},"end":{"line":15,"column":30}},"15":{"start":{"line":16,"column":0},"end":{"line":16,"column":80}},"16":{"start":{"line":17,"column":0},"end":{"line":17,"column":27}},"17":{"start":{"line":18,"column":0},"end":{"line":18,"column":5}},"18":{"start":{"line":19,"column":0},"end":{"line":19,"column":1}}},"s":{"0":1,"1":1,"2":1,"3":1,"4":1,"5":1,"6":1,"7":1,"8":1,"9":1,"10":1,"11":1,"12":1,"13":1,"14":1,"15":1,"16":1,"17":1,"18":1},"branchMap":{"0":{"type":"branch","line":10,"loc":{"start":{"line":10,"column":4},"end":{"line":12,"column":9}},"locations":[{"start":{"line":10,"column":4},"end":{"line":12,"column":9}}]},"1":{"type":"branch","line":14,"loc":{"start":{"line":14,"column":4},"end":{"line":19,"column":1}},"locations":[{"start":{"line":14,"column":4},"end":{"line":19,"column":1}}]},"2":{"type":"branch","line":19,"loc":{"start":{"line":19,"column":0},"end":{"line":19,"column":1}},"locations":[{"start":{"line":19,"column":0},"end":{"line":19,"column":1}}]}},"b":{"0":[1],"1":[1],"2":[1]},"fnMap":{"0":{"name":"ShowClientAppointments","decl":{"start":{"line":10,"column":4},"end":{"line":12,"column":9}},"loc":{"start":{"line":10,"column":4},"end":{"line":12,"column":9}},"line":10},"1":{"name":"execute","decl":{"start":{"line":14,"column":4},"end":{"line":19,"column":1}},"loc":{"start":{"line":14,"column":4},"end":{"line":19,"column":1}},"line":14},"2":{"name":"get","decl":{"start":{"line":19,"column":0},"end":{"line":19,"column":1}},"loc":{"start":{"line":19,"column":0},"end":{"line":19,"column":1}},"line":19}},"f":{"0":1,"1":1,"2":1}}
,"C:\\Trabalho\\dev\\src\\modules\\appointments\\services\\06-show-all-appointments\\index.spec.ts": {"path":"C:\\Trabalho\\dev\\src\\modules\\appointments\\services\\06-show-all-appointments\\index.spec.ts","all":false,"statementMap":{"0":{"start":{"line":1,"column":0},"end":{"line":1,"column":51}},"1":{"start":{"line":2,"column":0},"end":{"line":2,"column":39}},"2":{"start":{"line":3,"column":0},"end":{"line":3,"column":109}},"3":{"start":{"line":4,"column":0},"end":{"line":4,"column":60}},"4":{"start":{"line":5,"column":0},"end":{"line":5,"column":0}},"5":{"start":{"line":6,"column":0},"end":{"line":6,"column":51}},"6":{"start":{"line":7,"column":0},"end":{"line":7,"column":74}},"7":{"start":{"line":8,"column":0},"end":{"line":8,"column":66}},"8":{"start":{"line":9,"column":0},"end":{"line":9,"column":99}},"9":{"start":{"line":10,"column":0},"end":{"line":10,"column":0}},"10":{"start":{"line":11,"column":0},"end":{"line":11,"column":59}},"11":{"start":{"line":12,"column":0},"end":{"line":12,"column":60}},"12":{"start":{"line":13,"column":0},"end":{"line":13,"column":0}},"13":{"start":{"line":14,"column":0},"end":{"line":14,"column":53}},"14":{"start":{"line":15,"column":0},"end":{"line":15,"column":6}},"15":{"start":{"line":16,"column":0},"end":{"line":16,"column":2}}},"s":{"0":1,"1":1,"2":1,"3":1,"4":1,"5":1,"6":1,"7":1,"8":1,"9":1,"10":1,"11":1,"12":1,"13":1,"14":1,"15":1},"branchMap":{"0":{"type":"branch","line":6,"loc":{"start":{"line":6,"column":44},"end":{"line":16,"column":2}},"locations":[{"start":{"line":6,"column":44},"end":{"line":16,"column":2}}]},"1":{"type":"branch","line":7,"loc":{"start":{"line":7,"column":61},"end":{"line":15,"column":6}},"locations":[{"start":{"line":7,"column":61},"end":{"line":15,"column":6}}]},"2":{"type":"branch","line":9,"loc":{"start":{"line":9,"column":67},"end":{"line":9,"column":99}},"locations":[{"start":{"line":9,"column":67},"end":{"line":9,"column":99}}]}},"b":{"0":[1],"1":[1],"2":[1]},"fnMap":{},"f":{}}
,"C:\\Trabalho\\dev\\src\\modules\\appointments\\services\\06-show-all-appointments\\index.ts": {"path":"C:\\Trabalho\\dev\\src\\modules\\appointments\\services\\06-show-all-appointments\\index.ts","all":false,"statementMap":{"0":{"start":{"line":1,"column":0},"end":{"line":1,"column":78}},"1":{"start":{"line":2,"column":0},"end":{"line":2,"column":60}},"2":{"start":{"line":3,"column":0},"end":{"line":3,"column":55}},"3":{"start":{"line":4,"column":0},"end":{"line":4,"column":0}},"4":{"start":{"line":5,"column":0},"end":{"line":5,"column":29}},"5":{"start":{"line":6,"column":0},"end":{"line":6,"column":29}},"6":{"start":{"line":7,"column":0},"end":{"line":7,"column":0}},"7":{"start":{"line":8,"column":0},"end":{"line":8,"column":72}},"8":{"start":{"line":9,"column":0},"end":{"line":9,"column":0}},"9":{"start":{"line":10,"column":0},"end":{"line":10,"column":16}},"10":{"start":{"line":11,"column":0},"end":{"line":11,"column":59}},"11":{"start":{"line":12,"column":0},"end":{"line":12,"column":9}},"12":{"start":{"line":13,"column":0},"end":{"line":13,"column":0}},"13":{"start":{"line":14,"column":0},"end":{"line":14,"column":56}},"14":{"start":{"line":15,"column":0},"end":{"line":15,"column":32}},"15":{"start":{"line":16,"column":0},"end":{"line":16,"column":75}},"16":{"start":{"line":17,"column":0},"end":{"line":17,"column":27}},"17":{"start":{"line":18,"column":0},"end":{"line":18,"column":5}},"18":{"start":{"line":19,"column":0},"end":{"line":19,"column":1}}},"s":{"0":1,"1":1,"2":1,"3":1,"4":1,"5":1,"6":1,"7":1,"8":1,"9":1,"10":1,"11":1,"12":1,"13":1,"14":1,"15":1,"16":1,"17":1,"18":1},"branchMap":{"0":{"type":"branch","line":10,"loc":{"start":{"line":10,"column":4},"end":{"line":12,"column":9}},"locations":[{"start":{"line":10,"column":4},"end":{"line":12,"column":9}}]},"1":{"type":"branch","line":14,"loc":{"start":{"line":14,"column":4},"end":{"line":19,"column":1}},"locations":[{"start":{"line":14,"column":4},"end":{"line":19,"column":1}}]},"2":{"type":"branch","line":19,"loc":{"start":{"line":19,"column":0},"end":{"line":19,"column":1}},"locations":[{"start":{"line":19,"column":0},"end":{"line":19,"column":1}}]}},"b":{"0":[1],"1":[1],"2":[1]},"fnMap":{"0":{"name":"ShowAllAppointments","decl":{"start":{"line":10,"column":4},"end":{"line":12,"column":9}},"loc":{"start":{"line":10,"column":4},"end":{"line":12,"column":9}},"line":10},"1":{"name":"execute","decl":{"start":{"line":14,"column":4},"end":{"line":19,"column":1}},"loc":{"start":{"line":14,"column":4},"end":{"line":19,"column":1}},"line":14},"2":{"name":"get","decl":{"start":{"line":19,"column":0},"end":{"line":19,"column":1}},"loc":{"start":{"line":19,"column":0},"end":{"line":19,"column":1}},"line":19}},"f":{"0":1,"1":1,"2":1}}
,"C:\\Trabalho\\dev\\src\\modules\\appointments\\services\\07-show-available-appointments\\index.spec.ts": {"path":"C:\\Trabalho\\dev\\src\\modules\\appointments\\services\\07-show-available-appointments\\index.spec.ts","all":false,"statementMap":{"0":{"start":{"line":1,"column":0},"end":{"line":1,"column":3}},"1":{"start":{"line":2,"column":0},"end":{"line":2,"column":41}},"2":{"start":{"line":3,"column":0},"end":{"line":3,"column":84}},"3":{"start":{"line":4,"column":0},"end":{"line":4,"column":14}},"4":{"start":{"line":5,"column":0},"end":{"line":5,"column":58}},"5":{"start":{"line":6,"column":0},"end":{"line":6,"column":84}},"6":{"start":{"line":7,"column":0},"end":{"line":7,"column":59}},"7":{"start":{"line":8,"column":0},"end":{"line":8,"column":70}},"8":{"start":{"line":9,"column":0},"end":{"line":9,"column":3}},"9":{"start":{"line":10,"column":0},"end":{"line":10,"column":0}},"10":{"start":{"line":11,"column":0},"end":{"line":11,"column":40}},"11":{"start":{"line":12,"column":0},"end":{"line":12,"column":64}},"12":{"start":{"line":13,"column":0},"end":{"line":13,"column":46}},"13":{"start":{"line":14,"column":0},"end":{"line":14,"column":110}},"14":{"start":{"line":15,"column":0},"end":{"line":15,"column":61}},"15":{"start":{"line":16,"column":0},"end":{"line":16,"column":55}},"16":{"start":{"line":17,"column":0},"end":{"line":17,"column":58}},"17":{"start":{"line":18,"column":0},"end":{"line":18,"column":82}},"18":{"start":{"line":19,"column":0},"end":{"line":19,"column":0}},"19":{"start":{"line":20,"column":0},"end":{"line":20,"column":69}},"20":{"start":{"line":21,"column":0},"end":{"line":21,"column":42}},"21":{"start":{"line":22,"column":0},"end":{"line":22,"column":39}},"22":{"start":{"line":23,"column":0},"end":{"line":23,"column":38}},"23":{"start":{"line":24,"column":0},"end":{"line":24,"column":19}},"24":{"start":{"line":25,"column":0},"end":{"line":25,"column":32}},"25":{"start":{"line":26,"column":0},"end":{"line":26,"column":35}},"26":{"start":{"line":27,"column":0},"end":{"line":27,"column":102}},"27":{"start":{"line":28,"column":0},"end":{"line":28,"column":31}},"28":{"start":{"line":29,"column":0},"end":{"line":29,"column":5}},"29":{"start":{"line":30,"column":0},"end":{"line":30,"column":23}},"30":{"start":{"line":31,"column":0},"end":{"line":31,"column":1}},"31":{"start":{"line":32,"column":0},"end":{"line":32,"column":0}},"32":{"start":{"line":33,"column":0},"end":{"line":33,"column":34}},"33":{"start":{"line":34,"column":0},"end":{"line":34,"column":31}},"34":{"start":{"line":35,"column":0},"end":{"line":35,"column":98}},"35":{"start":{"line":36,"column":0},"end":{"line":36,"column":47}},"36":{"start":{"line":37,"column":0},"end":{"line":37,"column":0}},"37":{"start":{"line":38,"column":0},"end":{"line":38,"column":57}},"38":{"start":{"line":39,"column":0},"end":{"line":39,"column":22}},"39":{"start":{"line":40,"column":0},"end":{"line":40,"column":88}},"40":{"start":{"line":41,"column":0},"end":{"line":41,"column":42}},"41":{"start":{"line":42,"column":0},"end":{"line":42,"column":6}},"42":{"start":{"line":43,"column":0},"end":{"line":43,"column":97}},"43":{"start":{"line":44,"column":0},"end":{"line":44,"column":81}},"44":{"start":{"line":45,"column":0},"end":{"line":45,"column":64}},"45":{"start":{"line":46,"column":0},"end":{"line":46,"column":60}},"46":{"start":{"line":47,"column":0},"end":{"line":47,"column":0}},"47":{"start":{"line":48,"column":0},"end":{"line":48,"column":47}},"48":{"start":{"line":49,"column":0},"end":{"line":49,"column":66}},"49":{"start":{"line":50,"column":0},"end":{"line":50,"column":6}},"50":{"start":{"line":51,"column":0},"end":{"line":51,"column":105}},"51":{"start":{"line":52,"column":0},"end":{"line":52,"column":66}},"52":{"start":{"line":53,"column":0},"end":{"line":53,"column":45}},"53":{"start":{"line":54,"column":0},"end":{"line":54,"column":52}},"54":{"start":{"line":55,"column":0},"end":{"line":55,"column":6}},"55":{"start":{"line":56,"column":0},"end":{"line":56,"column":85}},"56":{"start":{"line":57,"column":0},"end":{"line":57,"column":86}},"57":{"start":{"line":58,"column":0},"end":{"line":58,"column":39}},"58":{"start":{"line":59,"column":0},"end":{"line":59,"column":84}},"59":{"start":{"line":60,"column":0},"end":{"line":60,"column":37}},"60":{"start":{"line":61,"column":0},"end":{"line":61,"column":44}},"61":{"start":{"line":62,"column":0},"end":{"line":62,"column":77}},"62":{"start":{"line":63,"column":0},"end":{"line":63,"column":49}},"63":{"start":{"line":64,"column":0},"end":{"line":64,"column":10}},"64":{"start":{"line":65,"column":0},"end":{"line":65,"column":132}},"65":{"start":{"line":66,"column":0},"end":{"line":66,"column":60}},"66":{"start":{"line":67,"column":0},"end":{"line":67,"column":52}},"67":{"start":{"line":68,"column":0},"end":{"line":68,"column":6}},"68":{"start":{"line":69,"column":0},"end":{"line":69,"column":84}},"69":{"start":{"line":70,"column":0},"end":{"line":70,"column":60}},"70":{"start":{"line":71,"column":0},"end":{"line":71,"column":52}},"71":{"start":{"line":72,"column":0},"end":{"line":72,"column":6}},"72":{"start":{"line":73,"column":0},"end":{"line":73,"column":2}}},"s":{"0":1,"1":1,"2":1,"3":1,"4":1,"5":1,"6":1,"7":1,"8":1,"9":1,"10":1,"11":1,"12":1,"13":1,"14":1,"15":1,"16":1,"17":1,"18":1,"19":1,"20":1,"21":1,"22":301,"23":301,"24":301,"25":301,"26":301,"27":301,"28":301,"29":1,"30":1,"31":1,"32":1,"33":1,"34":1,"35":1,"36":1,"37":1,"38":1,"39":4,"40":4,"41":4,"42":1,"43":1,"44":1,"45":1,"46":1,"47":1,"48":1,"49":1,"50":1,"51":1,"52":1,"53":1,"54":1,"55":1,"56":1,"57":1,"58":1,"59":1,"60":301,"61":301,"62":301,"63":301,"64":1,"65":1,"66":1,"67":1,"68":1,"69":1,"70":1,"71":1,"72":1},"branchMap":{"0":{"type":"branch","line":20,"loc":{"start":{"line":20,"column":34},"end":{"line":31,"column":1}},"locations":[{"start":{"line":20,"column":34},"end":{"line":31,"column":1}}]},"1":{"type":"branch","line":22,"loc":{"start":{"line":22,"column":38},"end":{"line":30,"column":11}},"locations":[{"start":{"line":22,"column":38},"end":{"line":30,"column":11}}]},"2":{"type":"branch","line":38,"loc":{"start":{"line":38,"column":50},"end":{"line":73,"column":2}},"locations":[{"start":{"line":38,"column":50},"end":{"line":73,"column":2}}]},"3":{"type":"branch","line":39,"loc":{"start":{"line":39,"column":15},"end":{"line":42,"column":6}},"locations":[{"start":{"line":39,"column":15},"end":{"line":42,"column":6}}]},"4":{"type":"branch","line":43,"loc":{"start":{"line":43,"column":84},"end":{"line":50,"column":6}},"locations":[{"start":{"line":43,"column":84},"end":{"line":50,"column":6}}]},"5":{"type":"branch","line":44,"loc":{"start":{"line":44,"column":70},"end":{"line":44,"column":81}},"locations":[{"start":{"line":44,"column":70},"end":{"line":44,"column":81}}]},"6":{"type":"branch","line":51,"loc":{"start":{"line":51,"column":92},"end":{"line":55,"column":6}},"locations":[{"start":{"line":51,"column":92},"end":{"line":55,"column":6}}]},"7":{"type":"branch","line":56,"loc":{"start":{"line":56,"column":72},"end":{"line":68,"column":6}},"locations":[{"start":{"line":56,"column":72},"end":{"line":68,"column":6}}]},"8":{"type":"branch","line":59,"loc":{"start":{"line":59,"column":54},"end":{"line":59,"column":84}},"locations":[{"start":{"line":59,"column":54},"end":{"line":59,"column":84}}]},"9":{"type":"branch","line":60,"loc":{"start":{"line":60,"column":29},"end":{"line":64,"column":10}},"locations":[{"start":{"line":60,"column":29},"end":{"line":64,"column":10}}]},"10":{"type":"branch","line":62,"loc":{"start":{"line":62,"column":55},"end":{"line":62,"column":77}},"locations":[{"start":{"line":62,"column":55},"end":{"line":62,"column":77}}]},"11":{"type":"branch","line":65,"loc":{"start":{"line":65,"column":59},"end":{"line":65,"column":116}},"locations":[{"start":{"line":65,"column":59},"end":{"line":65,"column":116}}]},"12":{"type":"branch","line":65,"loc":{"start":{"line":65,"column":77},"end":{"line":65,"column":116}},"locations":[{"start":{"line":65,"column":77},"end":{"line":65,"column":116}}]},"13":{"type":"branch","line":65,"loc":{"start":{"line":65,"column":120},"end":{"line":65,"column":132}},"locations":[{"start":{"line":65,"column":120},"end":{"line":65,"column":132}}]},"14":{"type":"branch","line":69,"loc":{"start":{"line":69,"column":71},"end":{"line":72,"column":6}},"locations":[{"start":{"line":69,"column":71},"end":{"line":72,"column":6}}]}},"b":{"0":[1],"1":[301],"2":[1],"3":[4],"4":[1],"5":[1],"6":[1],"7":[1],"8":[14],"9":[301],"10":[2028],"11":[14],"12":[6],"13":[11],"14":[1]},"fnMap":{"0":{"name":"factoryFakesAppointments","decl":{"start":{"line":20,"column":34},"end":{"line":31,"column":1}},"loc":{"start":{"line":20,"column":34},"end":{"line":31,"column":1}},"line":20}},"f":{"0":1}}
,"C:\\Trabalho\\dev\\src\\modules\\appointments\\services\\07-show-available-appointments\\index.ts": {"path":"C:\\Trabalho\\dev\\src\\modules\\appointments\\services\\07-show-available-appointments\\index.ts","all":false,"statementMap":{"0":{"start":{"line":1,"column":0},"end":{"line":1,"column":78}},"1":{"start":{"line":2,"column":0},"end":{"line":2,"column":54}},"2":{"start":{"line":3,"column":0},"end":{"line":3,"column":57}},"3":{"start":{"line":4,"column":0},"end":{"line":4,"column":57}},"4":{"start":{"line":5,"column":0},"end":{"line":5,"column":55}},"5":{"start":{"line":6,"column":0},"end":{"line":6,"column":0}},"6":{"start":{"line":7,"column":0},"end":{"line":7,"column":35}},"7":{"start":{"line":8,"column":0},"end":{"line":8,"column":29}},"8":{"start":{"line":9,"column":0},"end":{"line":9,"column":0}},"9":{"start":{"line":10,"column":0},"end":{"line":10,"column":78}},"10":{"start":{"line":11,"column":0},"end":{"line":11,"column":0}},"11":{"start":{"line":12,"column":0},"end":{"line":12,"column":16}},"12":{"start":{"line":13,"column":0},"end":{"line":13,"column":60}},"13":{"start":{"line":14,"column":0},"end":{"line":14,"column":42}},"14":{"start":{"line":15,"column":0},"end":{"line":15,"column":9}},"15":{"start":{"line":16,"column":0},"end":{"line":16,"column":0}},"16":{"start":{"line":17,"column":0},"end":{"line":17,"column":56}},"17":{"start":{"line":18,"column":0},"end":{"line":18,"column":32}},"18":{"start":{"line":19,"column":0},"end":{"line":19,"column":30}},"19":{"start":{"line":20,"column":0},"end":{"line":20,"column":32}},"20":{"start":{"line":21,"column":0},"end":{"line":21,"column":0}},"21":{"start":{"line":22,"column":0},"end":{"line":22,"column":52}},"22":{"start":{"line":23,"column":0},"end":{"line":23,"column":59}},"23":{"start":{"line":24,"column":0},"end":{"line":24,"column":9}},"24":{"start":{"line":25,"column":0},"end":{"line":25,"column":0}},"25":{"start":{"line":26,"column":0},"end":{"line":26,"column":39}},"26":{"start":{"line":27,"column":0},"end":{"line":27,"column":74}},"27":{"start":{"line":28,"column":0},"end":{"line":28,"column":74}},"28":{"start":{"line":29,"column":0},"end":{"line":29,"column":36}},"29":{"start":{"line":30,"column":0},"end":{"line":30,"column":44}},"30":{"start":{"line":31,"column":0},"end":{"line":31,"column":67}},"31":{"start":{"line":32,"column":0},"end":{"line":32,"column":39}},"32":{"start":{"line":33,"column":0},"end":{"line":33,"column":10}},"33":{"start":{"line":34,"column":0},"end":{"line":34,"column":0}},"34":{"start":{"line":35,"column":0},"end":{"line":35,"column":39}},"35":{"start":{"line":36,"column":0},"end":{"line":36,"column":88}},"36":{"start":{"line":37,"column":0},"end":{"line":37,"column":31}},"37":{"start":{"line":38,"column":0},"end":{"line":38,"column":0}},"38":{"start":{"line":39,"column":0},"end":{"line":39,"column":29}},"39":{"start":{"line":40,"column":0},"end":{"line":40,"column":5}},"40":{"start":{"line":41,"column":0},"end":{"line":41,"column":1}}},"s":{"0":1,"1":1,"2":1,"3":1,"4":1,"5":1,"6":1,"7":1,"8":1,"9":1,"10":1,"11":1,"12":4,"13":4,"14":4,"15":1,"16":1,"17":4,"18":4,"19":4,"20":4,"21":4,"22":1,"23":1,"24":1,"25":4,"26":3,"27":3,"28":3,"29":903,"30":903,"31":903,"32":903,"33":3,"34":3,"35":3,"36":3,"37":3,"38":3,"39":3,"40":4},"branchMap":{"0":{"type":"branch","line":12,"loc":{"start":{"line":12,"column":4},"end":{"line":15,"column":9}},"locations":[{"start":{"line":12,"column":4},"end":{"line":15,"column":9}}]},"1":{"type":"branch","line":17,"loc":{"start":{"line":17,"column":4},"end":{"line":41,"column":1}},"locations":[{"start":{"line":17,"column":4},"end":{"line":41,"column":1}}]},"2":{"type":"branch","line":22,"loc":{"start":{"line":22,"column":51},"end":{"line":26,"column":14}},"locations":[{"start":{"line":22,"column":51},"end":{"line":26,"column":14}}]},"3":{"type":"branch","line":26,"loc":{"start":{"line":26,"column":8},"end":{"line":40,"column":5}},"locations":[{"start":{"line":26,"column":8},"end":{"line":40,"column":5}}]},"4":{"type":"branch","line":28,"loc":{"start":{"line":28,"column":44},"end":{"line":28,"column":74}},"locations":[{"start":{"line":28,"column":44},"end":{"line":28,"column":74}}]},"5":{"type":"branch","line":29,"loc":{"start":{"line":29,"column":28},"end":{"line":33,"column":10}},"locations":[{"start":{"line":29,"column":28},"end":{"line":33,"column":10}}]},"6":{"type":"branch","line":31,"loc":{"start":{"line":31,"column":45},"end":{"line":31,"column":67}},"locations":[{"start":{"line":31,"column":45},"end":{"line":31,"column":67}}]},"7":{"type":"branch","line":36,"loc":{"start":{"line":36,"column":20},"end":{"line":36,"column":88}},"locations":[{"start":{"line":36,"column":20},"end":{"line":36,"column":88}}]},"8":{"type":"branch","line":36,"loc":{"start":{"line":36,"column":47},"end":{"line":36,"column":88}},"locations":[{"start":{"line":36,"column":47},"end":{"line":36,"column":88}}]},"9":{"type":"branch","line":37,"loc":{"start":{"line":37,"column":17},"end":{"line":37,"column":31}},"locations":[{"start":{"line":37,"column":17},"end":{"line":37,"column":31}}]},"10":{"type":"branch","line":41,"loc":{"start":{"line":41,"column":0},"end":{"line":41,"column":1}},"locations":[{"start":{"line":41,"column":0},"end":{"line":41,"column":1}}]}},"b":{"0":[4],"1":[4],"2":[1],"3":[3],"4":[42],"5":[903],"6":[6084],"7":[42],"8":[15],"9":[9],"10":[4]},"fnMap":{"0":{"name":"ShowAvailableAppointments","decl":{"start":{"line":12,"column":4},"end":{"line":15,"column":9}},"loc":{"start":{"line":12,"column":4},"end":{"line":15,"column":9}},"line":12},"1":{"name":"execute","decl":{"start":{"line":17,"column":4},"end":{"line":41,"column":1}},"loc":{"start":{"line":17,"column":4},"end":{"line":41,"column":1}},"line":17},"2":{"name":"get","decl":{"start":{"line":41,"column":0},"end":{"line":41,"column":1}},"loc":{"start":{"line":41,"column":0},"end":{"line":41,"column":1}},"line":41}},"f":{"0":4,"1":4,"2":4}}
,"C:\\Trabalho\\dev\\src\\modules\\appointments\\services\\08-new-appointment\\index.spec.ts": {"path":"C:\\Trabalho\\dev\\src\\modules\\appointments\\services\\08-new-appointment\\index.spec.ts","all":false,"statementMap":{"0":{"start":{"line":1,"column":0},"end":{"line":1,"column":40}},"1":{"start":{"line":2,"column":0},"end":{"line":2,"column":64}},"2":{"start":{"line":3,"column":0},"end":{"line":3,"column":35}},"3":{"start":{"line":4,"column":0},"end":{"line":4,"column":110}},"4":{"start":{"line":5,"column":0},"end":{"line":5,"column":101}},"5":{"start":{"line":6,"column":0},"end":{"line":6,"column":61}},"6":{"start":{"line":7,"column":0},"end":{"line":7,"column":51}},"7":{"start":{"line":8,"column":0},"end":{"line":8,"column":58}},"8":{"start":{"line":9,"column":0},"end":{"line":9,"column":82}},"9":{"start":{"line":10,"column":0},"end":{"line":10,"column":73}},"10":{"start":{"line":11,"column":0},"end":{"line":11,"column":0}},"11":{"start":{"line":12,"column":0},"end":{"line":12,"column":0}},"12":{"start":{"line":13,"column":0},"end":{"line":13,"column":97}},"13":{"start":{"line":14,"column":0},"end":{"line":14,"column":42}},"14":{"start":{"line":15,"column":0},"end":{"line":15,"column":39}},"15":{"start":{"line":16,"column":0},"end":{"line":16,"column":38}},"16":{"start":{"line":17,"column":0},"end":{"line":17,"column":19}},"17":{"start":{"line":18,"column":0},"end":{"line":18,"column":32}},"18":{"start":{"line":19,"column":0},"end":{"line":19,"column":35}},"19":{"start":{"line":20,"column":0},"end":{"line":20,"column":107}},"20":{"start":{"line":21,"column":0},"end":{"line":21,"column":31}},"21":{"start":{"line":22,"column":0},"end":{"line":22,"column":5}},"22":{"start":{"line":23,"column":0},"end":{"line":23,"column":23}},"23":{"start":{"line":24,"column":0},"end":{"line":24,"column":1}},"24":{"start":{"line":25,"column":0},"end":{"line":25,"column":0}},"25":{"start":{"line":26,"column":0},"end":{"line":26,"column":33}},"26":{"start":{"line":27,"column":0},"end":{"line":27,"column":29}},"27":{"start":{"line":28,"column":0},"end":{"line":28,"column":43}},"28":{"start":{"line":29,"column":0},"end":{"line":29,"column":39}},"29":{"start":{"line":30,"column":0},"end":{"line":30,"column":15}},"30":{"start":{"line":31,"column":0},"end":{"line":31,"column":37}},"31":{"start":{"line":32,"column":0},"end":{"line":32,"column":21}},"32":{"start":{"line":33,"column":0},"end":{"line":33,"column":26}},"33":{"start":{"line":34,"column":0},"end":{"line":34,"column":15}},"34":{"start":{"line":35,"column":0},"end":{"line":35,"column":1}},"35":{"start":{"line":36,"column":0},"end":{"line":36,"column":0}},"36":{"start":{"line":37,"column":0},"end":{"line":37,"column":23}},"37":{"start":{"line":38,"column":0},"end":{"line":38,"column":69}},"38":{"start":{"line":39,"column":0},"end":{"line":39,"column":59}},"39":{"start":{"line":40,"column":0},"end":{"line":40,"column":47}},"40":{"start":{"line":41,"column":0},"end":{"line":41,"column":37}},"41":{"start":{"line":42,"column":0},"end":{"line":42,"column":0}},"42":{"start":{"line":43,"column":0},"end":{"line":43,"column":0}},"43":{"start":{"line":44,"column":0},"end":{"line":44,"column":45}},"44":{"start":{"line":45,"column":0},"end":{"line":45,"column":0}},"45":{"start":{"line":46,"column":0},"end":{"line":46,"column":22}},"46":{"start":{"line":47,"column":0},"end":{"line":47,"column":99}},"47":{"start":{"line":48,"column":0},"end":{"line":48,"column":23}},"48":{"start":{"line":49,"column":0},"end":{"line":49,"column":24}},"49":{"start":{"line":50,"column":0},"end":{"line":50,"column":29}},"50":{"start":{"line":51,"column":0},"end":{"line":51,"column":43}},"51":{"start":{"line":52,"column":0},"end":{"line":52,"column":9}},"52":{"start":{"line":53,"column":0},"end":{"line":53,"column":6}},"53":{"start":{"line":54,"column":0},"end":{"line":54,"column":0}},"54":{"start":{"line":55,"column":0},"end":{"line":55,"column":91}},"55":{"start":{"line":56,"column":0},"end":{"line":56,"column":81}},"56":{"start":{"line":57,"column":0},"end":{"line":57,"column":46}},"57":{"start":{"line":58,"column":0},"end":{"line":58,"column":60}},"58":{"start":{"line":59,"column":0},"end":{"line":59,"column":0}},"59":{"start":{"line":60,"column":0},"end":{"line":60,"column":47}},"60":{"start":{"line":61,"column":0},"end":{"line":61,"column":72}},"61":{"start":{"line":62,"column":0},"end":{"line":62,"column":6}},"62":{"start":{"line":63,"column":0},"end":{"line":63,"column":103}},"63":{"start":{"line":64,"column":0},"end":{"line":64,"column":52}},"64":{"start":{"line":65,"column":0},"end":{"line":65,"column":60}},"65":{"start":{"line":66,"column":0},"end":{"line":66,"column":0}},"66":{"start":{"line":67,"column":0},"end":{"line":67,"column":47}},"67":{"start":{"line":68,"column":0},"end":{"line":68,"column":76}},"68":{"start":{"line":69,"column":0},"end":{"line":69,"column":6}},"69":{"start":{"line":70,"column":0},"end":{"line":70,"column":106}},"70":{"start":{"line":71,"column":0},"end":{"line":71,"column":89}},"71":{"start":{"line":72,"column":0},"end":{"line":72,"column":95}},"72":{"start":{"line":73,"column":0},"end":{"line":73,"column":0}},"73":{"start":{"line":74,"column":0},"end":{"line":74,"column":60}},"74":{"start":{"line":75,"column":0},"end":{"line":75,"column":0}},"75":{"start":{"line":76,"column":0},"end":{"line":76,"column":47}},"76":{"start":{"line":77,"column":0},"end":{"line":77,"column":76}},"77":{"start":{"line":78,"column":0},"end":{"line":78,"column":6}},"78":{"start":{"line":79,"column":0},"end":{"line":79,"column":91}},"79":{"start":{"line":80,"column":0},"end":{"line":80,"column":96}},"80":{"start":{"line":81,"column":0},"end":{"line":81,"column":0}},"81":{"start":{"line":82,"column":0},"end":{"line":82,"column":60}},"82":{"start":{"line":83,"column":0},"end":{"line":83,"column":0}},"83":{"start":{"line":84,"column":0},"end":{"line":84,"column":47}},"84":{"start":{"line":85,"column":0},"end":{"line":85,"column":59}},"85":{"start":{"line":86,"column":0},"end":{"line":86,"column":6}},"86":{"start":{"line":87,"column":0},"end":{"line":87,"column":114}},"87":{"start":{"line":88,"column":0},"end":{"line":88,"column":102}},"88":{"start":{"line":89,"column":0},"end":{"line":89,"column":96}},"89":{"start":{"line":90,"column":0},"end":{"line":90,"column":94}},"90":{"start":{"line":91,"column":0},"end":{"line":91,"column":80}},"91":{"start":{"line":92,"column":0},"end":{"line":92,"column":0}},"92":{"start":{"line":93,"column":0},"end":{"line":93,"column":37}},"93":{"start":{"line":94,"column":0},"end":{"line":94,"column":60}},"94":{"start":{"line":95,"column":0},"end":{"line":95,"column":0}},"95":{"start":{"line":96,"column":0},"end":{"line":96,"column":47}},"96":{"start":{"line":97,"column":0},"end":{"line":97,"column":87}},"97":{"start":{"line":98,"column":0},"end":{"line":98,"column":6}},"98":{"start":{"line":99,"column":0},"end":{"line":99,"column":143}},"99":{"start":{"line":100,"column":0},"end":{"line":100,"column":102}},"100":{"start":{"line":101,"column":0},"end":{"line":101,"column":98}},"101":{"start":{"line":102,"column":0},"end":{"line":102,"column":50}},"102":{"start":{"line":103,"column":0},"end":{"line":103,"column":42}},"103":{"start":{"line":104,"column":0},"end":{"line":104,"column":23}},"104":{"start":{"line":105,"column":0},"end":{"line":105,"column":36}},"105":{"start":{"line":106,"column":0},"end":{"line":106,"column":39}},"106":{"start":{"line":107,"column":0},"end":{"line":107,"column":130}},"107":{"start":{"line":108,"column":0},"end":{"line":108,"column":35}},"108":{"start":{"line":109,"column":0},"end":{"line":109,"column":31}},"109":{"start":{"line":110,"column":0},"end":{"line":110,"column":10}},"110":{"start":{"line":111,"column":0},"end":{"line":111,"column":88}},"111":{"start":{"line":112,"column":0},"end":{"line":112,"column":0}},"112":{"start":{"line":113,"column":0},"end":{"line":113,"column":60}},"113":{"start":{"line":114,"column":0},"end":{"line":114,"column":0}},"114":{"start":{"line":115,"column":0},"end":{"line":115,"column":47}},"115":{"start":{"line":116,"column":0},"end":{"line":116,"column":85}},"116":{"start":{"line":117,"column":0},"end":{"line":117,"column":6}},"117":{"start":{"line":118,"column":0},"end":{"line":118,"column":59}},"118":{"start":{"line":119,"column":0},"end":{"line":119,"column":102}},"119":{"start":{"line":120,"column":0},"end":{"line":120,"column":100}},"120":{"start":{"line":121,"column":0},"end":{"line":121,"column":107}},"121":{"start":{"line":122,"column":0},"end":{"line":122,"column":88}},"122":{"start":{"line":123,"column":0},"end":{"line":123,"column":0}},"123":{"start":{"line":124,"column":0},"end":{"line":124,"column":60}},"124":{"start":{"line":125,"column":0},"end":{"line":125,"column":0}},"125":{"start":{"line":126,"column":0},"end":{"line":126,"column":50}},"126":{"start":{"line":127,"column":0},"end":{"line":127,"column":6}},"127":{"start":{"line":128,"column":0},"end":{"line":128,"column":2}}},"s":{"0":1,"1":1,"2":1,"3":1,"4":1,"5":1,"6":1,"7":1,"8":1,"9":1,"10":1,"11":1,"12":1,"13":2,"14":2,"15":23,"16":23,"17":23,"18":23,"19":23,"20":23,"21":23,"22":2,"23":2,"24":1,"25":1,"26":3,"27":3,"28":3,"29":3,"30":3,"31":3,"32":3,"33":3,"34":3,"35":1,"36":1,"37":1,"38":1,"39":1,"40":1,"41":1,"42":1,"43":1,"44":1,"45":1,"46":7,"47":7,"48":7,"49":7,"50":7,"51":7,"52":7,"53":1,"54":1,"55":1,"56":1,"57":1,"58":1,"59":1,"60":1,"61":1,"62":1,"63":1,"64":1,"65":1,"66":1,"67":1,"68":1,"69":1,"70":1,"71":1,"72":1,"73":1,"74":1,"75":1,"76":1,"77":1,"78":1,"79":1,"80":1,"81":1,"82":1,"83":1,"84":1,"85":1,"86":1,"87":1,"88":1,"89":1,"90":1,"91":1,"92":1,"93":1,"94":1,"95":1,"96":1,"97":1,"98":1,"99":1,"100":1,"101":1,"102":1,"103":1,"104":1,"105":1,"106":1,"107":1,"108":1,"109":1,"110":1,"111":1,"112":1,"113":1,"114":1,"115":1,"116":1,"117":1,"118":1,"119":1,"120":1,"121":1,"122":1,"123":1,"124":1,"125":1,"126":1,"127":1},"branchMap":{"0":{"type":"branch","line":13,"loc":{"start":{"line":13,"column":34},"end":{"line":24,"column":1}},"locations":[{"start":{"line":13,"column":34},"end":{"line":24,"column":1}}]},"1":{"type":"branch","line":15,"loc":{"start":{"line":15,"column":38},"end":{"line":23,"column":11}},"locations":[{"start":{"line":15,"column":38},"end":{"line":23,"column":11}}]},"2":{"type":"branch","line":26,"loc":{"start":{"line":26,"column":26},"end":{"line":35,"column":1}},"locations":[{"start":{"line":26,"column":26},"end":{"line":35,"column":1}}]},"3":{"type":"branch","line":44,"loc":{"start":{"line":44,"column":38},"end":{"line":128,"column":2}},"locations":[{"start":{"line":44,"column":38},"end":{"line":128,"column":2}}]},"4":{"type":"branch","line":46,"loc":{"start":{"line":46,"column":15},"end":{"line":53,"column":6}},"locations":[{"start":{"line":46,"column":15},"end":{"line":53,"column":6}}]},"5":{"type":"branch","line":55,"loc":{"start":{"line":55,"column":78},"end":{"line":62,"column":6}},"locations":[{"start":{"line":55,"column":78},"end":{"line":62,"column":6}}]},"6":{"type":"branch","line":56,"loc":{"start":{"line":56,"column":70},"end":{"line":56,"column":81}},"locations":[{"start":{"line":56,"column":70},"end":{"line":56,"column":81}}]},"7":{"type":"branch","line":63,"loc":{"start":{"line":63,"column":90},"end":{"line":69,"column":6}},"locations":[{"start":{"line":63,"column":90},"end":{"line":69,"column":6}}]},"8":{"type":"branch","line":70,"loc":{"start":{"line":70,"column":93},"end":{"line":78,"column":6}},"locations":[{"start":{"line":70,"column":93},"end":{"line":78,"column":6}}]},"9":{"type":"branch","line":71,"loc":{"start":{"line":71,"column":78},"end":{"line":72,"column":95}},"locations":[{"start":{"line":71,"column":78},"end":{"line":72,"column":95}}]},"10":{"type":"branch","line":79,"loc":{"start":{"line":79,"column":78},"end":{"line":86,"column":6}},"locations":[{"start":{"line":79,"column":78},"end":{"line":86,"column":6}}]},"11":{"type":"branch","line":80,"loc":{"start":{"line":80,"column":74},"end":{"line":80,"column":96}},"locations":[{"start":{"line":80,"column":74},"end":{"line":80,"column":96}}]},"12":{"type":"branch","line":87,"loc":{"start":{"line":87,"column":101},"end":{"line":98,"column":6}},"locations":[{"start":{"line":87,"column":101},"end":{"line":98,"column":6}}]},"13":{"type":"branch","line":88,"loc":{"start":{"line":88,"column":70},"end":{"line":88,"column":102}},"locations":[{"start":{"line":88,"column":70},"end":{"line":88,"column":102}}]},"14":{"type":"branch","line":89,"loc":{"start":{"line":89,"column":85},"end":{"line":90,"column":94}},"locations":[{"start":{"line":89,"column":85},"end":{"line":90,"column":94}}]},"15":{"type":"branch","line":91,"loc":{"start":{"line":91,"column":69},"end":{"line":91,"column":80}},"locations":[{"start":{"line":91,"column":69},"end":{"line":91,"column":80}}]},"16":{"type":"branch","line":99,"loc":{"start":{"line":99,"column":130},"end":{"line":117,"column":6}},"locations":[{"start":{"line":99,"column":130},"end":{"line":117,"column":6}}]},"17":{"type":"branch","line":100,"loc":{"start":{"line":100,"column":70},"end":{"line":100,"column":102}},"locations":[{"start":{"line":100,"column":70},"end":{"line":100,"column":102}}]},"18":{"type":"branch","line":101,"loc":{"start":{"line":101,"column":85},"end":{"line":110,"column":10}},"locations":[{"start":{"line":101,"column":85},"end":{"line":110,"column":10}}]},"19":{"type":"branch","line":111,"loc":{"start":{"line":111,"column":79},"end":{"line":111,"column":88}},"locations":[{"start":{"line":111,"column":79},"end":{"line":111,"column":88}}]},"20":{"type":"branch","line":118,"loc":{"start":{"line":118,"column":46},"end":{"line":127,"column":6}},"locations":[{"start":{"line":118,"column":46},"end":{"line":127,"column":6}}]},"21":{"type":"branch","line":119,"loc":{"start":{"line":119,"column":70},"end":{"line":119,"column":102}},"locations":[{"start":{"line":119,"column":70},"end":{"line":119,"column":102}}]},"22":{"type":"branch","line":120,"loc":{"start":{"line":120,"column":85},"end":{"line":120,"column":100}},"locations":[{"start":{"line":120,"column":85},"end":{"line":120,"column":100}}]},"23":{"type":"branch","line":121,"loc":{"start":{"line":121,"column":77},"end":{"line":121,"column":107}},"locations":[{"start":{"line":121,"column":77},"end":{"line":121,"column":107}}]}},"b":{"0":[2],"1":[23],"2":[3],"3":[1],"4":[7],"5":[1],"6":[1],"7":[1],"8":[1],"9":[1],"10":[1],"11":[1],"12":[1],"13":[1],"14":[1],"15":[1],"16":[1],"17":[1],"18":[1],"19":[1],"20":[1],"21":[1],"22":[1],"23":[1]},"fnMap":{"0":{"name":"factoryFakesAppointments","decl":{"start":{"line":13,"column":34},"end":{"line":24,"column":1}},"loc":{"start":{"line":13,"column":34},"end":{"line":24,"column":1}},"line":13},"1":{"name":"factoryFakeClient","decl":{"start":{"line":26,"column":26},"end":{"line":35,"column":1}},"loc":{"start":{"line":26,"column":26},"end":{"line":35,"column":1}},"line":26}},"f":{"0":2,"1":3}}
,"C:\\Trabalho\\dev\\src\\modules\\appointments\\services\\08-new-appointment\\index.ts": {"path":"C:\\Trabalho\\dev\\src\\modules\\appointments\\services\\08-new-appointment\\index.ts","all":false,"statementMap":{"0":{"start":{"line":1,"column":0},"end":{"line":1,"column":78}},"1":{"start":{"line":2,"column":0},"end":{"line":2,"column":69}},"2":{"start":{"line":3,"column":0},"end":{"line":3,"column":60}},"3":{"start":{"line":4,"column":0},"end":{"line":4,"column":54}},"4":{"start":{"line":5,"column":0},"end":{"line":5,"column":57}},"5":{"start":{"line":6,"column":0},"end":{"line":6,"column":57}},"6":{"start":{"line":7,"column":0},"end":{"line":7,"column":55}},"7":{"start":{"line":8,"column":0},"end":{"line":8,"column":72}},"8":{"start":{"line":9,"column":0},"end":{"line":9,"column":0}},"9":{"start":{"line":10,"column":0},"end":{"line":10,"column":38}},"10":{"start":{"line":11,"column":0},"end":{"line":11,"column":0}},"11":{"start":{"line":12,"column":0},"end":{"line":12,"column":80}},"12":{"start":{"line":13,"column":0},"end":{"line":13,"column":0}},"13":{"start":{"line":14,"column":0},"end":{"line":14,"column":16}},"14":{"start":{"line":15,"column":0},"end":{"line":15,"column":60}},"15":{"start":{"line":16,"column":0},"end":{"line":16,"column":51}},"16":{"start":{"line":17,"column":0},"end":{"line":17,"column":43}},"17":{"start":{"line":18,"column":0},"end":{"line":18,"column":9}},"18":{"start":{"line":19,"column":0},"end":{"line":19,"column":0}},"19":{"start":{"line":20,"column":0},"end":{"line":20,"column":69}},"20":{"start":{"line":21,"column":0},"end":{"line":21,"column":48}},"21":{"start":{"line":22,"column":0},"end":{"line":22,"column":30}},"22":{"start":{"line":23,"column":0},"end":{"line":23,"column":32}},"23":{"start":{"line":24,"column":0},"end":{"line":24,"column":0}},"24":{"start":{"line":25,"column":0},"end":{"line":25,"column":52}},"25":{"start":{"line":26,"column":0},"end":{"line":26,"column":65}},"26":{"start":{"line":27,"column":0},"end":{"line":27,"column":9}},"27":{"start":{"line":28,"column":0},"end":{"line":28,"column":0}},"28":{"start":{"line":29,"column":0},"end":{"line":29,"column":50}},"29":{"start":{"line":30,"column":0},"end":{"line":30,"column":39}},"30":{"start":{"line":31,"column":0},"end":{"line":31,"column":72}},"31":{"start":{"line":32,"column":0},"end":{"line":32,"column":88}},"32":{"start":{"line":33,"column":0},"end":{"line":33,"column":74}},"33":{"start":{"line":34,"column":0},"end":{"line":34,"column":36}},"34":{"start":{"line":35,"column":0},"end":{"line":35,"column":44}},"35":{"start":{"line":36,"column":0},"end":{"line":36,"column":67}},"36":{"start":{"line":37,"column":0},"end":{"line":37,"column":39}},"37":{"start":{"line":38,"column":0},"end":{"line":38,"column":10}},"38":{"start":{"line":39,"column":0},"end":{"line":39,"column":0}},"39":{"start":{"line":40,"column":0},"end":{"line":40,"column":39}},"40":{"start":{"line":41,"column":0},"end":{"line":41,"column":88}},"41":{"start":{"line":42,"column":0},"end":{"line":42,"column":31}},"42":{"start":{"line":43,"column":0},"end":{"line":43,"column":0}},"43":{"start":{"line":44,"column":0},"end":{"line":44,"column":45}},"44":{"start":{"line":45,"column":0},"end":{"line":45,"column":69}},"45":{"start":{"line":46,"column":0},"end":{"line":46,"column":9}},"46":{"start":{"line":47,"column":0},"end":{"line":47,"column":0}},"47":{"start":{"line":48,"column":0},"end":{"line":48,"column":94}},"48":{"start":{"line":49,"column":0},"end":{"line":49,"column":35}},"49":{"start":{"line":50,"column":0},"end":{"line":50,"column":52}},"50":{"start":{"line":51,"column":0},"end":{"line":51,"column":9}},"51":{"start":{"line":52,"column":0},"end":{"line":52,"column":0}},"52":{"start":{"line":53,"column":0},"end":{"line":53,"column":92}},"53":{"start":{"line":54,"column":0},"end":{"line":54,"column":102}},"54":{"start":{"line":55,"column":0},"end":{"line":55,"column":0}},"55":{"start":{"line":56,"column":0},"end":{"line":56,"column":116}},"56":{"start":{"line":57,"column":0},"end":{"line":57,"column":32}},"57":{"start":{"line":58,"column":0},"end":{"line":58,"column":80}},"58":{"start":{"line":59,"column":0},"end":{"line":59,"column":9}},"59":{"start":{"line":60,"column":0},"end":{"line":60,"column":0}},"60":{"start":{"line":61,"column":0},"end":{"line":61,"column":111}},"61":{"start":{"line":62,"column":0},"end":{"line":62,"column":78}},"62":{"start":{"line":63,"column":0},"end":{"line":63,"column":0}},"63":{"start":{"line":64,"column":0},"end":{"line":64,"column":33}},"64":{"start":{"line":65,"column":0},"end":{"line":65,"column":72}},"65":{"start":{"line":66,"column":0},"end":{"line":66,"column":21}},"66":{"start":{"line":67,"column":0},"end":{"line":67,"column":17}},"67":{"start":{"line":68,"column":0},"end":{"line":68,"column":16}},"68":{"start":{"line":69,"column":0},"end":{"line":69,"column":10}},"69":{"start":{"line":70,"column":0},"end":{"line":70,"column":29}},"70":{"start":{"line":71,"column":0},"end":{"line":71,"column":5}},"71":{"start":{"line":72,"column":0},"end":{"line":72,"column":1}}},"s":{"0":1,"1":1,"2":1,"3":1,"4":1,"5":1,"6":1,"7":1,"8":1,"9":1,"10":1,"11":1,"12":1,"13":1,"14":7,"15":7,"16":7,"17":7,"18":1,"19":1,"20":7,"21":7,"22":7,"23":7,"24":7,"25":1,"26":1,"27":1,"28":1,"29":7,"30":6,"31":6,"32":6,"33":6,"34":21,"35":21,"36":21,"37":21,"38":6,"39":6,"40":6,"41":6,"42":6,"43":6,"44":2,"45":2,"46":2,"47":7,"48":4,"49":1,"50":1,"51":1,"52":7,"53":3,"54":3,"55":3,"56":3,"57":1,"58":1,"59":1,"60":7,"61":7,"62":1,"63":1,"64":1,"65":1,"66":1,"67":1,"68":1,"69":1,"70":1,"71":7},"branchMap":{"0":{"type":"branch","line":14,"loc":{"start":{"line":14,"column":4},"end":{"line":18,"column":9}},"locations":[{"start":{"line":14,"column":4},"end":{"line":18,"column":9}}]},"1":{"type":"branch","line":20,"loc":{"start":{"line":20,"column":4},"end":{"line":72,"column":1}},"locations":[{"start":{"line":20,"column":4},"end":{"line":72,"column":1}}]},"2":{"type":"branch","line":25,"loc":{"start":{"line":25,"column":51},"end":{"line":30,"column":14}},"locations":[{"start":{"line":25,"column":51},"end":{"line":30,"column":14}}]},"3":{"type":"branch","line":30,"loc":{"start":{"line":30,"column":8},"end":{"line":44,"column":45}},"locations":[{"start":{"line":30,"column":8},"end":{"line":44,"column":45}}]},"4":{"type":"branch","line":44,"loc":{"start":{"line":44,"column":44},"end":{"line":48,"column":14}},"locations":[{"start":{"line":44,"column":44},"end":{"line":48,"column":14}}]},"5":{"type":"branch","line":48,"loc":{"start":{"line":48,"column":8},"end":{"line":49,"column":35}},"locations":[{"start":{"line":48,"column":8},"end":{"line":49,"column":35}}]},"6":{"type":"branch","line":49,"loc":{"start":{"line":49,"column":34},"end":{"line":53,"column":14}},"locations":[{"start":{"line":49,"column":34},"end":{"line":53,"column":14}}]},"7":{"type":"branch","line":53,"loc":{"start":{"line":53,"column":8},"end":{"line":57,"column":32}},"locations":[{"start":{"line":53,"column":8},"end":{"line":57,"column":32}}]},"8":{"type":"branch","line":57,"loc":{"start":{"line":57,"column":31},"end":{"line":61,"column":12}},"locations":[{"start":{"line":57,"column":31},"end":{"line":61,"column":12}}]},"9":{"type":"branch","line":61,"loc":{"start":{"line":61,"column":8},"end":{"line":62,"column":19}},"locations":[{"start":{"line":61,"column":8},"end":{"line":62,"column":19}}]},"10":{"type":"branch","line":62,"loc":{"start":{"line":62,"column":12},"end":{"line":71,"column":5}},"locations":[{"start":{"line":62,"column":12},"end":{"line":71,"column":5}}]},"11":{"type":"branch","line":32,"loc":{"start":{"line":32,"column":41},"end":{"line":32,"column":88}},"locations":[{"start":{"line":32,"column":41},"end":{"line":32,"column":88}}]},"12":{"type":"branch","line":33,"loc":{"start":{"line":33,"column":44},"end":{"line":33,"column":74}},"locations":[{"start":{"line":33,"column":44},"end":{"line":33,"column":74}}]},"13":{"type":"branch","line":34,"loc":{"start":{"line":34,"column":28},"end":{"line":38,"column":10}},"locations":[{"start":{"line":34,"column":28},"end":{"line":38,"column":10}}]},"14":{"type":"branch","line":36,"loc":{"start":{"line":36,"column":45},"end":{"line":36,"column":67}},"locations":[{"start":{"line":36,"column":45},"end":{"line":36,"column":67}}]},"15":{"type":"branch","line":41,"loc":{"start":{"line":41,"column":20},"end":{"line":41,"column":88}},"locations":[{"start":{"line":41,"column":20},"end":{"line":41,"column":88}}]},"16":{"type":"branch","line":41,"loc":{"start":{"line":41,"column":47},"end":{"line":41,"column":88}},"locations":[{"start":{"line":41,"column":47},"end":{"line":41,"column":88}}]},"17":{"type":"branch","line":42,"loc":{"start":{"line":42,"column":17},"end":{"line":42,"column":31}},"locations":[{"start":{"line":42,"column":17},"end":{"line":42,"column":31}}]},"18":{"type":"branch","line":54,"loc":{"start":{"line":54,"column":68},"end":{"line":54,"column":102}},"locations":[{"start":{"line":54,"column":68},"end":{"line":54,"column":102}}]},"19":{"type":"branch","line":56,"loc":{"start":{"line":56,"column":65},"end":{"line":56,"column":116}},"locations":[{"start":{"line":56,"column":65},"end":{"line":56,"column":116}}]},"20":{"type":"branch","line":61,"loc":{"start":{"line":61,"column":43},"end":{"line":61,"column":111}},"locations":[{"start":{"line":61,"column":43},"end":{"line":61,"column":111}}]},"21":{"type":"branch","line":72,"loc":{"start":{"line":72,"column":0},"end":{"line":72,"column":1}},"locations":[{"start":{"line":72,"column":0},"end":{"line":72,"column":1}}]}},"b":{"0":[7],"1":[7],"2":[1],"3":[6],"4":[2],"5":[4],"6":[1],"7":[3],"8":[1],"9":[2],"10":[1],"11":[21],"12":[84],"13":[21],"14":[189],"15":[84],"16":[83],"17":[35],"18":[3],"19":[2],"20":[1],"21":[7]},"fnMap":{"0":{"name":"NewAppointment","decl":{"start":{"line":14,"column":4},"end":{"line":18,"column":9}},"loc":{"start":{"line":14,"column":4},"end":{"line":18,"column":9}},"line":14},"1":{"name":"execute","decl":{"start":{"line":20,"column":4},"end":{"line":72,"column":1}},"loc":{"start":{"line":20,"column":4},"end":{"line":72,"column":1}},"line":20},"2":{"name":"get","decl":{"start":{"line":72,"column":0},"end":{"line":72,"column":1}},"loc":{"start":{"line":72,"column":0},"end":{"line":72,"column":1}},"line":72}},"f":{"0":7,"1":7,"2":7}}
,"C:\\Trabalho\\dev\\src\\modules\\appointments\\services\\09-cancel-appointment\\index.spec.ts": {"path":"C:\\Trabalho\\dev\\src\\modules\\appointments\\services\\09-cancel-appointment\\index.spec.ts","all":false,"statementMap":{"0":{"start":{"line":1,"column":0},"end":{"line":1,"column":40}},"1":{"start":{"line":2,"column":0},"end":{"line":2,"column":64}},"2":{"start":{"line":3,"column":0},"end":{"line":3,"column":38}},"3":{"start":{"line":4,"column":0},"end":{"line":4,"column":110}},"4":{"start":{"line":5,"column":0},"end":{"line":5,"column":61}},"5":{"start":{"line":6,"column":0},"end":{"line":6,"column":51}},"6":{"start":{"line":7,"column":0},"end":{"line":7,"column":58}},"7":{"start":{"line":8,"column":0},"end":{"line":8,"column":82}},"8":{"start":{"line":9,"column":0},"end":{"line":9,"column":73}},"9":{"start":{"line":10,"column":0},"end":{"line":10,"column":0}},"10":{"start":{"line":11,"column":0},"end":{"line":11,"column":0}},"11":{"start":{"line":12,"column":0},"end":{"line":12,"column":33}},"12":{"start":{"line":13,"column":0},"end":{"line":13,"column":29}},"13":{"start":{"line":14,"column":0},"end":{"line":14,"column":43}},"14":{"start":{"line":15,"column":0},"end":{"line":15,"column":39}},"15":{"start":{"line":16,"column":0},"end":{"line":16,"column":15}},"16":{"start":{"line":17,"column":0},"end":{"line":17,"column":37}},"17":{"start":{"line":18,"column":0},"end":{"line":18,"column":21}},"18":{"start":{"line":19,"column":0},"end":{"line":19,"column":26}},"19":{"start":{"line":20,"column":0},"end":{"line":20,"column":15}},"20":{"start":{"line":21,"column":0},"end":{"line":21,"column":1}},"21":{"start":{"line":22,"column":0},"end":{"line":22,"column":0}},"22":{"start":{"line":23,"column":0},"end":{"line":23,"column":77}},"23":{"start":{"line":24,"column":0},"end":{"line":24,"column":34}},"24":{"start":{"line":25,"column":0},"end":{"line":25,"column":15}},"25":{"start":{"line":26,"column":0},"end":{"line":26,"column":37}},"26":{"start":{"line":27,"column":0},"end":{"line":27,"column":28}},"27":{"start":{"line":28,"column":0},"end":{"line":28,"column":31}},"28":{"start":{"line":29,"column":0},"end":{"line":29,"column":103}},"29":{"start":{"line":30,"column":0},"end":{"line":30,"column":15}},"30":{"start":{"line":31,"column":0},"end":{"line":31,"column":1}},"31":{"start":{"line":32,"column":0},"end":{"line":32,"column":0}},"32":{"start":{"line":33,"column":0},"end":{"line":33,"column":0}},"33":{"start":{"line":34,"column":0},"end":{"line":34,"column":0}},"34":{"start":{"line":35,"column":0},"end":{"line":35,"column":26}},"35":{"start":{"line":36,"column":0},"end":{"line":36,"column":47}},"36":{"start":{"line":37,"column":0},"end":{"line":37,"column":69}},"37":{"start":{"line":38,"column":0},"end":{"line":38,"column":37}},"38":{"start":{"line":39,"column":0},"end":{"line":39,"column":0}},"39":{"start":{"line":40,"column":0},"end":{"line":40,"column":48}},"40":{"start":{"line":41,"column":0},"end":{"line":41,"column":22}},"41":{"start":{"line":42,"column":0},"end":{"line":42,"column":80}},"42":{"start":{"line":43,"column":0},"end":{"line":43,"column":23}},"43":{"start":{"line":44,"column":0},"end":{"line":44,"column":29}},"44":{"start":{"line":45,"column":0},"end":{"line":45,"column":24}},"45":{"start":{"line":46,"column":0},"end":{"line":46,"column":32}},"46":{"start":{"line":47,"column":0},"end":{"line":47,"column":9}},"47":{"start":{"line":48,"column":0},"end":{"line":48,"column":6}},"48":{"start":{"line":49,"column":0},"end":{"line":49,"column":106}},"49":{"start":{"line":50,"column":0},"end":{"line":50,"column":101}},"50":{"start":{"line":51,"column":0},"end":{"line":51,"column":0}},"51":{"start":{"line":52,"column":0},"end":{"line":52,"column":65}},"52":{"start":{"line":53,"column":0},"end":{"line":53,"column":0}},"53":{"start":{"line":54,"column":0},"end":{"line":54,"column":47}},"54":{"start":{"line":55,"column":0},"end":{"line":55,"column":64}},"55":{"start":{"line":56,"column":0},"end":{"line":56,"column":6}},"56":{"start":{"line":57,"column":0},"end":{"line":57,"column":108}},"57":{"start":{"line":58,"column":0},"end":{"line":58,"column":49}},"58":{"start":{"line":59,"column":0},"end":{"line":59,"column":32}},"59":{"start":{"line":60,"column":0},"end":{"line":60,"column":95}},"60":{"start":{"line":61,"column":0},"end":{"line":61,"column":0}},"61":{"start":{"line":62,"column":0},"end":{"line":62,"column":65}},"62":{"start":{"line":63,"column":0},"end":{"line":63,"column":0}},"63":{"start":{"line":64,"column":0},"end":{"line":64,"column":47}},"64":{"start":{"line":65,"column":0},"end":{"line":65,"column":64}},"65":{"start":{"line":66,"column":0},"end":{"line":66,"column":6}},"66":{"start":{"line":67,"column":0},"end":{"line":67,"column":101}},"67":{"start":{"line":68,"column":0},"end":{"line":68,"column":49}},"68":{"start":{"line":69,"column":0},"end":{"line":69,"column":38}},"69":{"start":{"line":70,"column":0},"end":{"line":70,"column":95}},"70":{"start":{"line":71,"column":0},"end":{"line":71,"column":81}},"71":{"start":{"line":72,"column":0},"end":{"line":72,"column":0}},"72":{"start":{"line":73,"column":0},"end":{"line":73,"column":65}},"73":{"start":{"line":74,"column":0},"end":{"line":74,"column":0}},"74":{"start":{"line":75,"column":0},"end":{"line":75,"column":47}},"75":{"start":{"line":76,"column":0},"end":{"line":76,"column":78}},"76":{"start":{"line":77,"column":0},"end":{"line":77,"column":6}},"77":{"start":{"line":78,"column":0},"end":{"line":78,"column":96}},"78":{"start":{"line":79,"column":0},"end":{"line":79,"column":121}},"79":{"start":{"line":80,"column":0},"end":{"line":80,"column":32}},"80":{"start":{"line":81,"column":0},"end":{"line":81,"column":0}},"81":{"start":{"line":82,"column":0},"end":{"line":82,"column":65}},"82":{"start":{"line":83,"column":0},"end":{"line":83,"column":0}},"83":{"start":{"line":84,"column":0},"end":{"line":84,"column":47}},"84":{"start":{"line":85,"column":0},"end":{"line":85,"column":99}},"85":{"start":{"line":86,"column":0},"end":{"line":86,"column":6}},"86":{"start":{"line":87,"column":0},"end":{"line":87,"column":63}},"87":{"start":{"line":88,"column":0},"end":{"line":88,"column":121}},"88":{"start":{"line":89,"column":0},"end":{"line":89,"column":119}},"89":{"start":{"line":90,"column":0},"end":{"line":90,"column":53}},"90":{"start":{"line":91,"column":0},"end":{"line":91,"column":50}},"91":{"start":{"line":92,"column":0},"end":{"line":92,"column":6}},"92":{"start":{"line":93,"column":0},"end":{"line":93,"column":2}}},"s":{"0":1,"1":1,"2":1,"3":1,"4":1,"5":1,"6":1,"7":1,"8":1,"9":1,"10":1,"11":1,"12":5,"13":5,"14":5,"15":5,"16":5,"17":5,"18":5,"19":5,"20":5,"21":1,"22":1,"23":5,"24":5,"25":5,"26":5,"27":5,"28":5,"29":5,"30":5,"31":1,"32":1,"33":1,"34":1,"35":1,"36":1,"37":1,"38":1,"39":1,"40":1,"41":5,"42":5,"43":5,"44":5,"45":5,"46":5,"47":5,"48":1,"49":1,"50":1,"51":1,"52":1,"53":1,"54":1,"55":1,"56":1,"57":1,"58":1,"59":1,"60":1,"61":1,"62":1,"63":1,"64":1,"65":1,"66":1,"67":1,"68":1,"69":1,"70":1,"71":1,"72":1,"73":1,"74":1,"75":1,"76":1,"77":1,"78":1,"79":1,"80":1,"81":1,"82":1,"83":1,"84":1,"85":1,"86":1,"87":1,"88":1,"89":1,"90":1,"91":1,"92":1},"branchMap":{"0":{"type":"branch","line":12,"loc":{"start":{"line":12,"column":26},"end":{"line":21,"column":1}},"locations":[{"start":{"line":12,"column":26},"end":{"line":21,"column":1}}]},"1":{"type":"branch","line":23,"loc":{"start":{"line":23,"column":32},"end":{"line":31,"column":1}},"locations":[{"start":{"line":23,"column":32},"end":{"line":31,"column":1}}]},"2":{"type":"branch","line":40,"loc":{"start":{"line":40,"column":41},"end":{"line":93,"column":2}},"locations":[{"start":{"line":40,"column":41},"end":{"line":93,"column":2}}]},"3":{"type":"branch","line":41,"loc":{"start":{"line":41,"column":15},"end":{"line":48,"column":6}},"locations":[{"start":{"line":41,"column":15},"end":{"line":48,"column":6}}]},"4":{"type":"branch","line":49,"loc":{"start":{"line":49,"column":93},"end":{"line":56,"column":6}},"locations":[{"start":{"line":49,"column":93},"end":{"line":56,"column":6}}]},"5":{"type":"branch","line":50,"loc":{"start":{"line":50,"column":79},"end":{"line":50,"column":101}},"locations":[{"start":{"line":50,"column":79},"end":{"line":50,"column":101}}]},"6":{"type":"branch","line":57,"loc":{"start":{"line":57,"column":95},"end":{"line":66,"column":6}},"locations":[{"start":{"line":57,"column":95},"end":{"line":66,"column":6}}]},"7":{"type":"branch","line":60,"loc":{"start":{"line":60,"column":79},"end":{"line":60,"column":95}},"locations":[{"start":{"line":60,"column":79},"end":{"line":60,"column":95}}]},"8":{"type":"branch","line":67,"loc":{"start":{"line":67,"column":88},"end":{"line":77,"column":6}},"locations":[{"start":{"line":67,"column":88},"end":{"line":77,"column":6}}]},"9":{"type":"branch","line":70,"loc":{"start":{"line":70,"column":79},"end":{"line":70,"column":95}},"locations":[{"start":{"line":70,"column":79},"end":{"line":70,"column":95}}]},"10":{"type":"branch","line":71,"loc":{"start":{"line":71,"column":70},"end":{"line":71,"column":81}},"locations":[{"start":{"line":71,"column":70},"end":{"line":71,"column":81}}]},"11":{"type":"branch","line":78,"loc":{"start":{"line":78,"column":83},"end":{"line":86,"column":6}},"locations":[{"start":{"line":78,"column":83},"end":{"line":86,"column":6}}]},"12":{"type":"branch","line":79,"loc":{"start":{"line":79,"column":79},"end":{"line":79,"column":121}},"locations":[{"start":{"line":79,"column":79},"end":{"line":79,"column":121}}]},"13":{"type":"branch","line":87,"loc":{"start":{"line":87,"column":50},"end":{"line":92,"column":6}},"locations":[{"start":{"line":87,"column":50},"end":{"line":92,"column":6}}]},"14":{"type":"branch","line":88,"loc":{"start":{"line":88,"column":79},"end":{"line":88,"column":121}},"locations":[{"start":{"line":88,"column":79},"end":{"line":88,"column":121}}]},"15":{"type":"branch","line":89,"loc":{"start":{"line":89,"column":77},"end":{"line":89,"column":119}},"locations":[{"start":{"line":89,"column":77},"end":{"line":89,"column":119}}]}},"b":{"0":[5],"1":[5],"2":[1],"3":[5],"4":[1],"5":[1],"6":[1],"7":[1],"8":[1],"9":[1],"10":[1],"11":[1],"12":[1],"13":[1],"14":[1],"15":[1]},"fnMap":{"0":{"name":"factoryFakeClient","decl":{"start":{"line":12,"column":26},"end":{"line":21,"column":1}},"loc":{"start":{"line":12,"column":26},"end":{"line":21,"column":1}},"line":12},"1":{"name":"factoryFakeAppointment","decl":{"start":{"line":23,"column":32},"end":{"line":31,"column":1}},"loc":{"start":{"line":23,"column":32},"end":{"line":31,"column":1}},"line":23}},"f":{"0":5,"1":5}}
,"C:\\Trabalho\\dev\\src\\modules\\appointments\\services\\09-cancel-appointment\\index.ts": {"path":"C:\\Trabalho\\dev\\src\\modules\\appointments\\services\\09-cancel-appointment\\index.ts","all":false,"statementMap":{"0":{"start":{"line":1,"column":0},"end":{"line":1,"column":79}},"1":{"start":{"line":2,"column":0},"end":{"line":2,"column":61}},"2":{"start":{"line":3,"column":0},"end":{"line":3,"column":58}},"3":{"start":{"line":4,"column":0},"end":{"line":4,"column":58}},"4":{"start":{"line":5,"column":0},"end":{"line":5,"column":56}},"5":{"start":{"line":6,"column":0},"end":{"line":6,"column":73}},"6":{"start":{"line":7,"column":0},"end":{"line":7,"column":0}},"7":{"start":{"line":8,"column":0},"end":{"line":8,"column":38}},"8":{"start":{"line":9,"column":0},"end":{"line":9,"column":0}},"9":{"start":{"line":10,"column":0},"end":{"line":10,"column":83}},"10":{"start":{"line":11,"column":0},"end":{"line":11,"column":16}},"11":{"start":{"line":12,"column":0},"end":{"line":12,"column":60}},"12":{"start":{"line":13,"column":0},"end":{"line":13,"column":42}},"13":{"start":{"line":14,"column":0},"end":{"line":14,"column":9}},"14":{"start":{"line":15,"column":0},"end":{"line":15,"column":69}},"15":{"start":{"line":16,"column":0},"end":{"line":16,"column":61}},"16":{"start":{"line":17,"column":0},"end":{"line":17,"column":0}},"17":{"start":{"line":18,"column":0},"end":{"line":18,"column":84}},"18":{"start":{"line":19,"column":0},"end":{"line":19,"column":76}},"19":{"start":{"line":20,"column":0},"end":{"line":20,"column":57}},"20":{"start":{"line":21,"column":0},"end":{"line":21,"column":9}},"21":{"start":{"line":22,"column":0},"end":{"line":22,"column":0}},"22":{"start":{"line":23,"column":0},"end":{"line":23,"column":71}},"23":{"start":{"line":24,"column":0},"end":{"line":24,"column":71}},"24":{"start":{"line":25,"column":0},"end":{"line":25,"column":9}},"25":{"start":{"line":26,"column":0},"end":{"line":26,"column":0}},"26":{"start":{"line":27,"column":0},"end":{"line":27,"column":70}},"27":{"start":{"line":28,"column":0},"end":{"line":28,"column":92}},"28":{"start":{"line":29,"column":0},"end":{"line":29,"column":9}},"29":{"start":{"line":30,"column":0},"end":{"line":30,"column":0}},"30":{"start":{"line":31,"column":0},"end":{"line":31,"column":77}},"31":{"start":{"line":32,"column":0},"end":{"line":32,"column":30}},"32":{"start":{"line":33,"column":0},"end":{"line":33,"column":20}},"33":{"start":{"line":34,"column":0},"end":{"line":34,"column":10}},"34":{"start":{"line":35,"column":0},"end":{"line":35,"column":0}},"35":{"start":{"line":36,"column":0},"end":{"line":36,"column":34}},"36":{"start":{"line":37,"column":0},"end":{"line":37,"column":5}},"37":{"start":{"line":38,"column":0},"end":{"line":38,"column":1}}},"s":{"0":1,"1":1,"2":1,"3":1,"4":1,"5":1,"6":1,"7":1,"8":1,"9":1,"10":1,"11":5,"12":5,"13":5,"14":1,"15":5,"16":5,"17":5,"18":5,"19":2,"20":2,"21":2,"22":5,"23":1,"24":1,"25":1,"26":5,"27":1,"28":1,"29":1,"30":1,"31":1,"32":1,"33":1,"34":1,"35":1,"36":1,"37":5},"branchMap":{"0":{"type":"branch","line":11,"loc":{"start":{"line":11,"column":4},"end":{"line":14,"column":9}},"locations":[{"start":{"line":11,"column":4},"end":{"line":14,"column":9}}]},"1":{"type":"branch","line":15,"loc":{"start":{"line":15,"column":4},"end":{"line":38,"column":1}},"locations":[{"start":{"line":15,"column":4},"end":{"line":38,"column":1}}]},"2":{"type":"branch","line":19,"loc":{"start":{"line":19,"column":28},"end":{"line":19,"column":75}},"locations":[{"start":{"line":19,"column":28},"end":{"line":19,"column":75}}]},"3":{"type":"branch","line":19,"loc":{"start":{"line":19,"column":75},"end":{"line":23,"column":12}},"locations":[{"start":{"line":19,"column":75},"end":{"line":23,"column":12}}]},"4":{"type":"branch","line":23,"loc":{"start":{"line":23,"column":8},"end":{"line":23,"column":71}},"locations":[{"start":{"line":23,"column":8},"end":{"line":23,"column":71}}]},"5":{"type":"branch","line":23,"loc":{"start":{"line":23,"column":70},"end":{"line":27,"column":12}},"locations":[{"start":{"line":23,"column":70},"end":{"line":27,"column":12}}]},"6":{"type":"branch","line":27,"loc":{"start":{"line":27,"column":8},"end":{"line":27,"column":69}},"locations":[{"start":{"line":27,"column":8},"end":{"line":27,"column":69}}]},"7":{"type":"branch","line":27,"loc":{"start":{"line":27,"column":69},"end":{"line":37,"column":5}},"locations":[{"start":{"line":27,"column":69},"end":{"line":37,"column":5}}]},"8":{"type":"branch","line":38,"loc":{"start":{"line":38,"column":0},"end":{"line":38,"column":1}},"locations":[{"start":{"line":38,"column":0},"end":{"line":38,"column":1}}]}},"b":{"0":[5],"1":[5],"2":[4],"3":[2],"4":[3],"5":[1],"6":[2],"7":[1],"8":[5]},"fnMap":{"0":{"name":"CancelAppointment","decl":{"start":{"line":11,"column":4},"end":{"line":14,"column":9}},"loc":{"start":{"line":11,"column":4},"end":{"line":14,"column":9}},"line":11},"1":{"name":"execute","decl":{"start":{"line":15,"column":4},"end":{"line":38,"column":1}},"loc":{"start":{"line":15,"column":4},"end":{"line":38,"column":1}},"line":15},"2":{"name":"get","decl":{"start":{"line":38,"column":0},"end":{"line":38,"column":1}},"loc":{"start":{"line":38,"column":0},"end":{"line":38,"column":1}},"line":38}},"f":{"0":5,"1":5,"2":5}}
,"C:\\Trabalho\\dev\\src\\modules\\appointments\\services\\10-confirm-appointment\\index.spec.ts": {"path":"C:\\Trabalho\\dev\\src\\modules\\appointments\\services\\10-confirm-appointment\\index.spec.ts","all":false,"statementMap":{"0":{"start":{"line":1,"column":0},"end":{"line":1,"column":40}},"1":{"start":{"line":2,"column":0},"end":{"line":2,"column":64}},"2":{"start":{"line":3,"column":0},"end":{"line":3,"column":39}},"3":{"start":{"line":4,"column":0},"end":{"line":4,"column":110}},"4":{"start":{"line":5,"column":0},"end":{"line":5,"column":61}},"5":{"start":{"line":6,"column":0},"end":{"line":6,"column":51}},"6":{"start":{"line":7,"column":0},"end":{"line":7,"column":58}},"7":{"start":{"line":8,"column":0},"end":{"line":8,"column":82}},"8":{"start":{"line":9,"column":0},"end":{"line":9,"column":84}},"9":{"start":{"line":10,"column":0},"end":{"line":10,"column":75}},"10":{"start":{"line":11,"column":0},"end":{"line":11,"column":0}},"11":{"start":{"line":12,"column":0},"end":{"line":12,"column":27}},"12":{"start":{"line":13,"column":0},"end":{"line":13,"column":38}},"13":{"start":{"line":14,"column":0},"end":{"line":14,"column":69}},"14":{"start":{"line":15,"column":0},"end":{"line":15,"column":47}},"15":{"start":{"line":16,"column":0},"end":{"line":16,"column":49}},"16":{"start":{"line":17,"column":0},"end":{"line":17,"column":0}},"17":{"start":{"line":18,"column":0},"end":{"line":18,"column":33}},"18":{"start":{"line":19,"column":0},"end":{"line":19,"column":29}},"19":{"start":{"line":20,"column":0},"end":{"line":20,"column":43}},"20":{"start":{"line":21,"column":0},"end":{"line":21,"column":39}},"21":{"start":{"line":22,"column":0},"end":{"line":22,"column":15}},"22":{"start":{"line":23,"column":0},"end":{"line":23,"column":37}},"23":{"start":{"line":24,"column":0},"end":{"line":24,"column":21}},"24":{"start":{"line":25,"column":0},"end":{"line":25,"column":26}},"25":{"start":{"line":26,"column":0},"end":{"line":26,"column":15}},"26":{"start":{"line":27,"column":0},"end":{"line":27,"column":1}},"27":{"start":{"line":28,"column":0},"end":{"line":28,"column":0}},"28":{"start":{"line":29,"column":0},"end":{"line":29,"column":77}},"29":{"start":{"line":30,"column":0},"end":{"line":30,"column":34}},"30":{"start":{"line":31,"column":0},"end":{"line":31,"column":15}},"31":{"start":{"line":32,"column":0},"end":{"line":32,"column":37}},"32":{"start":{"line":33,"column":0},"end":{"line":33,"column":28}},"33":{"start":{"line":34,"column":0},"end":{"line":34,"column":31}},"34":{"start":{"line":35,"column":0},"end":{"line":35,"column":103}},"35":{"start":{"line":36,"column":0},"end":{"line":36,"column":15}},"36":{"start":{"line":37,"column":0},"end":{"line":37,"column":1}},"37":{"start":{"line":38,"column":0},"end":{"line":38,"column":0}},"38":{"start":{"line":39,"column":0},"end":{"line":39,"column":0}},"39":{"start":{"line":40,"column":0},"end":{"line":40,"column":48}},"40":{"start":{"line":41,"column":0},"end":{"line":41,"column":22}},"41":{"start":{"line":42,"column":0},"end":{"line":42,"column":100}},"42":{"start":{"line":43,"column":0},"end":{"line":43,"column":23}},"43":{"start":{"line":44,"column":0},"end":{"line":44,"column":29}},"44":{"start":{"line":45,"column":0},"end":{"line":45,"column":24}},"45":{"start":{"line":46,"column":0},"end":{"line":46,"column":31}},"46":{"start":{"line":47,"column":0},"end":{"line":47,"column":9}},"47":{"start":{"line":48,"column":0},"end":{"line":48,"column":6}},"48":{"start":{"line":49,"column":0},"end":{"line":49,"column":94}},"49":{"start":{"line":50,"column":0},"end":{"line":50,"column":101}},"50":{"start":{"line":51,"column":0},"end":{"line":51,"column":0}},"51":{"start":{"line":52,"column":0},"end":{"line":52,"column":65}},"52":{"start":{"line":53,"column":0},"end":{"line":53,"column":0}},"53":{"start":{"line":54,"column":0},"end":{"line":54,"column":47}},"54":{"start":{"line":55,"column":0},"end":{"line":55,"column":64}},"55":{"start":{"line":56,"column":0},"end":{"line":56,"column":6}},"56":{"start":{"line":57,"column":0},"end":{"line":57,"column":111}},"57":{"start":{"line":58,"column":0},"end":{"line":58,"column":120}},"58":{"start":{"line":59,"column":0},"end":{"line":59,"column":32}},"59":{"start":{"line":60,"column":0},"end":{"line":60,"column":65}},"60":{"start":{"line":61,"column":0},"end":{"line":61,"column":0}},"61":{"start":{"line":62,"column":0},"end":{"line":62,"column":47}},"62":{"start":{"line":63,"column":0},"end":{"line":63,"column":59}},"63":{"start":{"line":64,"column":0},"end":{"line":64,"column":6}},"64":{"start":{"line":65,"column":0},"end":{"line":65,"column":103}},"65":{"start":{"line":66,"column":0},"end":{"line":66,"column":116}},"66":{"start":{"line":67,"column":0},"end":{"line":67,"column":81}},"67":{"start":{"line":68,"column":0},"end":{"line":68,"column":0}},"68":{"start":{"line":69,"column":0},"end":{"line":69,"column":65}},"69":{"start":{"line":70,"column":0},"end":{"line":70,"column":0}},"70":{"start":{"line":71,"column":0},"end":{"line":71,"column":47}},"71":{"start":{"line":72,"column":0},"end":{"line":72,"column":98}},"72":{"start":{"line":73,"column":0},"end":{"line":73,"column":6}},"73":{"start":{"line":74,"column":0},"end":{"line":74,"column":84}},"74":{"start":{"line":75,"column":0},"end":{"line":75,"column":116}},"75":{"start":{"line":76,"column":0},"end":{"line":76,"column":43}},"76":{"start":{"line":77,"column":0},"end":{"line":77,"column":0}},"77":{"start":{"line":78,"column":0},"end":{"line":78,"column":65}},"78":{"start":{"line":79,"column":0},"end":{"line":79,"column":0}},"79":{"start":{"line":80,"column":0},"end":{"line":80,"column":47}},"80":{"start":{"line":81,"column":0},"end":{"line":81,"column":67}},"81":{"start":{"line":82,"column":0},"end":{"line":82,"column":6}},"82":{"start":{"line":83,"column":0},"end":{"line":83,"column":120}},"83":{"start":{"line":84,"column":0},"end":{"line":84,"column":66}},"84":{"start":{"line":85,"column":0},"end":{"line":85,"column":0}},"85":{"start":{"line":86,"column":0},"end":{"line":86,"column":38}},"86":{"start":{"line":87,"column":0},"end":{"line":87,"column":51}},"87":{"start":{"line":88,"column":0},"end":{"line":88,"column":6}},"88":{"start":{"line":89,"column":0},"end":{"line":89,"column":64}},"89":{"start":{"line":90,"column":0},"end":{"line":90,"column":119}},"90":{"start":{"line":91,"column":0},"end":{"line":91,"column":0}},"91":{"start":{"line":92,"column":0},"end":{"line":92,"column":53}},"92":{"start":{"line":93,"column":0},"end":{"line":93,"column":50}},"93":{"start":{"line":94,"column":0},"end":{"line":94,"column":6}},"94":{"start":{"line":95,"column":0},"end":{"line":95,"column":2}}},"s":{"0":1,"1":1,"2":1,"3":1,"4":1,"5":1,"6":1,"7":1,"8":1,"9":1,"10":1,"11":1,"12":1,"13":1,"14":1,"15":1,"16":1,"17":1,"18":6,"19":6,"20":6,"21":6,"22":6,"23":6,"24":6,"25":6,"26":6,"27":1,"28":1,"29":6,"30":6,"31":6,"32":6,"33":6,"34":6,"35":6,"36":6,"37":1,"38":1,"39":1,"40":1,"41":6,"42":6,"43":6,"44":6,"45":6,"46":6,"47":6,"48":1,"49":1,"50":1,"51":1,"52":1,"53":1,"54":1,"55":1,"56":1,"57":1,"58":1,"59":1,"60":1,"61":1,"62":1,"63":1,"64":1,"65":1,"66":1,"67":1,"68":1,"69":1,"70":1,"71":1,"72":1,"73":1,"74":1,"75":1,"76":1,"77":1,"78":1,"79":1,"80":1,"81":1,"82":1,"83":1,"84":1,"85":1,"86":1,"87":1,"88":1,"89":1,"90":1,"91":1,"92":1,"93":1,"94":1},"branchMap":{"0":{"type":"branch","line":18,"loc":{"start":{"line":18,"column":26},"end":{"line":27,"column":1}},"locations":[{"start":{"line":18,"column":26},"end":{"line":27,"column":1}}]},"1":{"type":"branch","line":29,"loc":{"start":{"line":29,"column":32},"end":{"line":37,"column":1}},"locations":[{"start":{"line":29,"column":32},"end":{"line":37,"column":1}}]},"2":{"type":"branch","line":40,"loc":{"start":{"line":40,"column":41},"end":{"line":95,"column":2}},"locations":[{"start":{"line":40,"column":41},"end":{"line":95,"column":2}}]},"3":{"type":"branch","line":41,"loc":{"start":{"line":41,"column":15},"end":{"line":48,"column":6}},"locations":[{"start":{"line":41,"column":15},"end":{"line":48,"column":6}}]},"4":{"type":"branch","line":49,"loc":{"start":{"line":49,"column":81},"end":{"line":56,"column":6}},"locations":[{"start":{"line":49,"column":81},"end":{"line":56,"column":6}}]},"5":{"type":"branch","line":50,"loc":{"start":{"line":50,"column":79},"end":{"line":50,"column":101}},"locations":[{"start":{"line":50,"column":79},"end":{"line":50,"column":101}}]},"6":{"type":"branch","line":57,"loc":{"start":{"line":57,"column":98},"end":{"line":64,"column":6}},"locations":[{"start":{"line":57,"column":98},"end":{"line":64,"column":6}}]},"7":{"type":"branch","line":58,"loc":{"start":{"line":58,"column":79},"end":{"line":58,"column":120}},"locations":[{"start":{"line":58,"column":79},"end":{"line":58,"column":120}}]},"8":{"type":"branch","line
[...]
n":0},"end":{"line":52,"column":114}},"52":{"start":{"line":53,"column":0},"end":{"line":53,"column":21}},"53":{"start":{"line":54,"column":0},"end":{"line":54,"column":45}},"54":{"start":{"line":55,"column":0},"end":{"line":55,"column":46}},"55":{"start":{"line":56,"column":0},"end":{"line":56,"column":32}},"56":{"start":{"line":57,"column":0},"end":{"line":57,"column":0}},"57":{"start":{"line":58,"column":0},"end":{"line":58,"column":103}},"58":{"start":{"line":59,"column":0},"end":{"line":59,"column":107}},"59":{"start":{"line":60,"column":0},"end":{"line":60,"column":0}},"60":{"start":{"line":61,"column":0},"end":{"line":61,"column":64}},"61":{"start":{"line":62,"column":0},"end":{"line":62,"column":0}},"62":{"start":{"line":63,"column":0},"end":{"line":63,"column":51}},"63":{"start":{"line":64,"column":0},"end":{"line":64,"column":77}},"64":{"start":{"line":65,"column":0},"end":{"line":65,"column":10}},"65":{"start":{"line":66,"column":0},"end":{"line":66,"column":132}},"66":{"start":{"line":67,"column":0},"end":{"line":67,"column":21}},"67":{"start":{"line":68,"column":0},"end":{"line":68,"column":45}},"68":{"start":{"line":69,"column":0},"end":{"line":69,"column":46}},"69":{"start":{"line":70,"column":0},"end":{"line":70,"column":32}},"70":{"start":{"line":71,"column":0},"end":{"line":71,"column":37}},"71":{"start":{"line":72,"column":0},"end":{"line":72,"column":35}},"72":{"start":{"line":73,"column":0},"end":{"line":73,"column":0}},"73":{"start":{"line":74,"column":0},"end":{"line":74,"column":103}},"74":{"start":{"line":75,"column":0},"end":{"line":75,"column":107}},"75":{"start":{"line":76,"column":0},"end":{"line":76,"column":0}},"76":{"start":{"line":77,"column":0},"end":{"line":77,"column":64}},"77":{"start":{"line":78,"column":0},"end":{"line":78,"column":0}},"78":{"start":{"line":79,"column":0},"end":{"line":79,"column":51}},"79":{"start":{"line":80,"column":0},"end":{"line":80,"column":77}},"80":{"start":{"line":81,"column":0},"end":{"line":81,"column":10}},"81":{"start":{"line":82,"column":0},"end":{"line":82,"column":55}},"82":{"start":{"line":83,"column":0},"end":{"line":83,"column":21}},"83":{"start":{"line":84,"column":0},"end":{"line":84,"column":103}},"84":{"start":{"line":85,"column":0},"end":{"line":85,"column":101}},"85":{"start":{"line":86,"column":0},"end":{"line":86,"column":0}},"86":{"start":{"line":87,"column":0},"end":{"line":87,"column":64}},"87":{"start":{"line":88,"column":0},"end":{"line":88,"column":0}},"88":{"start":{"line":89,"column":0},"end":{"line":89,"column":49}},"89":{"start":{"line":90,"column":0},"end":{"line":90,"column":10}},"90":{"start":{"line":91,"column":0},"end":{"line":91,"column":2}}},"s":{"0":1,"1":1,"2":1,"3":1,"4":1,"5":1,"6":1,"7":1,"8":1,"9":1,"10":1,"11":1,"12":1,"13":6,"14":6,"15":6,"16":6,"17":6,"18":1,"19":1,"20":1,"21":6,"22":6,"23":6,"24":6,"25":6,"26":6,"27":6,"28":6,"29":1,"30":1,"31":1,"32":1,"33":1,"34":1,"35":1,"36":1,"37":1,"38":1,"39":1,"40":1,"41":1,"42":1,"43":1,"44":1,"45":1,"46":1,"47":1,"48":1,"49":1,"50":1,"51":1,"52":1,"53":1,"54":1,"55":1,"56":1,"57":1,"58":1,"59":1,"60":1,"61":1,"62":1,"63":1,"64":1,"65":1,"66":1,"67":1,"68":1,"69":1,"70":1,"71":1,"72":1,"73":1,"74":1,"75":1,"76":1,"77":1,"78":1,"79":1,"80":1,"81":1,"82":1,"83":1,"84":1,"85":1,"86":1,"87":1,"88":1,"89":1,"90":1},"branchMap":{"0":{"type":"branch","line":13,"loc":{"start":{"line":13,"column":19},"end":{"line":18,"column":1}},"locations":[{"start":{"line":13,"column":19},"end":{"line":18,"column":1}}]},"1":{"type":"branch","line":20,"loc":{"start":{"line":20,"column":36},"end":{"line":91,"column":2}},"locations":[{"start":{"line":20,"column":36},"end":{"line":91,"column":2}}]},"2":{"type":"branch","line":21,"loc":{"start":{"line":21,"column":15},"end":{"line":29,"column":6}},"locations":[{"start":{"line":21,"column":15},"end":{"line":29,"column":6}}]},"3":{"type":"branch","line":31,"loc":{"start":{"line":31,"column":8},"end":{"line":35,"column":9}},"locations":[{"start":{"line":31,"column":8},"end":{"line":35,"column":9}}]},"4":{"type":"branch","line":37,"loc":{"start":{"line":37,"column":8},"end":{"line":42,"column":9}},"locations":[{"start":{"line":37,"column":8},"end":{"line":42,"column":9}}]},"5":{"type":"branch","line":44,"loc":{"start":{"line":44,"column":8},"end":{"line":51,"column":9}},"locations":[{"start":{"line":44,"column":8},"end":{"line":51,"column":9}}]},"6":{"type":"branch","line":45,"loc":{"start":{"line":45,"column":78},"end":{"line":45,"column":100}},"locations":[{"start":{"line":45,"column":78},"end":{"line":45,"column":100}}]},"7":{"type":"branch","line":53,"loc":{"start":{"line":53,"column":8},"end":{"line":65,"column":9}},"locations":[{"start":{"line":53,"column":8},"end":{"line":65,"column":9}}]},"8":{"type":"branch","line":58,"loc":{"start":{"line":58,"column":78},"end":{"line":58,"column":103}},"locations":[{"start":{"line":58,"column":78},"end":{"line":58,"column":103}}]},"9":{"type":"branch","line":59,"loc":{"start":{"line":59,"column":81},"end":{"line":59,"column":107}},"locations":[{"start":{"line":59,"column":81},"end":{"line":59,"column":107}}]},"10":{"type":"branch","line":67,"loc":{"start":{"line":67,"column":8},"end":{"line":81,"column":9}},"locations":[{"start":{"line":67,"column":8},"end":{"line":81,"column":9}}]},"11":{"type":"branch","line":74,"loc":{"start":{"line":74,"column":78},"end":{"line":74,"column":103}},"locations":[{"start":{"line":74,"column":78},"end":{"line":74,"column":103}}]},"12":{"type":"branch","line":75,"loc":{"start":{"line":75,"column":81},"end":{"line":75,"column":107}},"locations":[{"start":{"line":75,"column":81},"end":{"line":75,"column":107}}]},"13":{"type":"branch","line":83,"loc":{"start":{"line":83,"column":8},"end":{"line":90,"column":9}},"locations":[{"start":{"line":83,"column":8},"end":{"line":90,"column":9}}]},"14":{"type":"branch","line":84,"loc":{"start":{"line":84,"column":78},"end":{"line":84,"column":103}},"locations":[{"start":{"line":84,"column":78},"end":{"line":84,"column":103}}]},"15":{"type":"branch","line":85,"loc":{"start":{"line":85,"column":76},"end":{"line":85,"column":101}},"locations":[{"start":{"line":85,"column":76},"end":{"line":85,"column":101}}]}},"b":{"0":[6],"1":[1],"2":[6],"3":[1],"4":[1],"5":[1],"6":[1],"7":[1],"8":[1],"9":[1],"10":[1],"11":[1],"12":[1],"13":[1],"14":[1],"15":[1]},"fnMap":{"0":{"name":"fakeClient","decl":{"start":{"line":13,"column":19},"end":{"line":18,"column":1}},"loc":{"start":{"line":13,"column":19},"end":{"line":18,"column":1}},"line":13}},"f":{"0":6}}
,"C:\\Trabalho\\dev\\src\\modules\\clients\\services\\04-update-profile\\index.ts": {"path":"C:\\Trabalho\\dev\\src\\modules\\clients\\services\\04-update-profile\\index.ts","all":false,"statementMap":{"0":{"start":{"line":1,"column":0},"end":{"line":1,"column":70}},"1":{"start":{"line":2,"column":0},"end":{"line":2,"column":51}},"2":{"start":{"line":3,"column":0},"end":{"line":3,"column":58}},"3":{"start":{"line":4,"column":0},"end":{"line":4,"column":56}},"4":{"start":{"line":5,"column":0},"end":{"line":5,"column":60}},"5":{"start":{"line":6,"column":0},"end":{"line":6,"column":65}},"6":{"start":{"line":7,"column":0},"end":{"line":7,"column":0}},"7":{"start":{"line":8,"column":0},"end":{"line":8,"column":33}},"8":{"start":{"line":9,"column":0},"end":{"line":9,"column":0}},"9":{"start":{"line":10,"column":0},"end":{"line":10,"column":75}},"10":{"start":{"line":11,"column":0},"end":{"line":11,"column":0}},"11":{"start":{"line":12,"column":0},"end":{"line":12,"column":16}},"12":{"start":{"line":13,"column":0},"end":{"line":13,"column":50}},"13":{"start":{"line":14,"column":0},"end":{"line":14,"column":9}},"14":{"start":{"line":15,"column":0},"end":{"line":15,"column":0}},"15":{"start":{"line":16,"column":0},"end":{"line":16,"column":65}},"16":{"start":{"line":17,"column":0},"end":{"line":17,"column":107}},"17":{"start":{"line":18,"column":0},"end":{"line":18,"column":37}},"18":{"start":{"line":19,"column":0},"end":{"line":19,"column":55}},"19":{"start":{"line":20,"column":0},"end":{"line":20,"column":9}},"20":{"start":{"line":21,"column":0},"end":{"line":21,"column":61}},"21":{"start":{"line":22,"column":0},"end":{"line":22,"column":69}},"22":{"start":{"line":23,"column":0},"end":{"line":23,"column":9}},"23":{"start":{"line":24,"column":0},"end":{"line":24,"column":0}},"24":{"start":{"line":25,"column":0},"end":{"line":25,"column":96}},"25":{"start":{"line":26,"column":0},"end":{"line":26,"column":35}},"26":{"start":{"line":27,"column":0},"end":{"line":27,"column":52}},"27":{"start":{"line":28,"column":0},"end":{"line":28,"column":9}},"28":{"start":{"line":29,"column":0},"end":{"line":29,"column":0}},"29":{"start":{"line":30,"column":0},"end":{"line":30,"column":90}},"30":{"start":{"line":31,"column":0},"end":{"line":31,"column":73}},"31":{"start":{"line":32,"column":0},"end":{"line":32,"column":63}},"32":{"start":{"line":33,"column":0},"end":{"line":33,"column":9}},"33":{"start":{"line":34,"column":0},"end":{"line":34,"column":0}},"34":{"start":{"line":35,"column":0},"end":{"line":35,"column":28}},"35":{"start":{"line":36,"column":0},"end":{"line":36,"column":94}},"36":{"start":{"line":37,"column":0},"end":{"line":37,"column":77}},"37":{"start":{"line":38,"column":0},"end":{"line":38,"column":67}},"38":{"start":{"line":39,"column":0},"end":{"line":39,"column":13}},"39":{"start":{"line":40,"column":0},"end":{"line":40,"column":9}},"40":{"start":{"line":41,"column":0},"end":{"line":41,"column":73}},"41":{"start":{"line":42,"column":0},"end":{"line":42,"column":28}},"42":{"start":{"line":43,"column":0},"end":{"line":43,"column":5}},"43":{"start":{"line":44,"column":0},"end":{"line":44,"column":0}},"44":{"start":{"line":45,"column":0},"end":{"line":45,"column":1}}},"s":{"0":1,"1":1,"2":1,"3":1,"4":1,"5":1,"6":1,"7":1,"8":1,"9":1,"10":1,"11":1,"12":6,"13":6,"14":1,"15":1,"16":6,"17":6,"18":1,"19":1,"20":6,"21":1,"22":1,"23":1,"24":6,"25":4,"26":1,"27":1,"28":1,"29":6,"30":6,"31":1,"32":1,"33":1,"34":6,"35":1,"36":1,"37":1,"38":1,"39":1,"40":1,"41":1,"42":1,"43":6,"44":6},"branchMap":{"0":{"type":"branch","line":12,"loc":{"start":{"line":12,"column":4},"end":{"line":14,"column":9}},"locations":[{"start":{"line":12,"column":4},"end":{"line":14,"column":9}}]},"1":{"type":"branch","line":16,"loc":{"start":{"line":16,"column":4},"end":{"line":45,"column":1}},"locations":[{"start":{"line":16,"column":4},"end":{"line":45,"column":1}}]},"2":{"type":"branch","line":18,"loc":{"start":{"line":18,"column":36},"end":{"line":21,"column":12}},"locations":[{"start":{"line":18,"column":36},"end":{"line":21,"column":12}}]},"3":{"type":"branch","line":21,"loc":{"start":{"line":21,"column":8},"end":{"line":21,"column":37}},"locations":[{"start":{"line":21,"column":8},"end":{"line":21,"column":37}}]},"4":{"type":"branch","line":21,"loc":{"start":{"line":21,"column":30},"end":{"line":21,"column":60}},"locations":[{"start":{"line":21,"column":30},"end":{"line":21,"column":60}}]},"5":{"type":"branch","line":21,"loc":{"start":{"line":21,"column":60},"end":{"line":25,"column":14}},"locations":[{"start":{"line":21,"column":60},"end":{"line":25,"column":14}}]},"6":{"type":"branch","line":25,"loc":{"start":{"line":25,"column":8},"end":{"line":26,"column":35}},"locations":[{"start":{"line":25,"column":8},"end":{"line":26,"column":35}}]},"7":{"type":"branch","line":26,"loc":{"start":{"line":26,"column":34},"end":{"line":30,"column":14}},"locations":[{"start":{"line":26,"column":34},"end":{"line":30,"column":14}}]},"8":{"type":"branch","line":30,"loc":{"start":{"line":30,"column":8},"end":{"line":31,"column":35}},"locations":[{"start":{"line":30,"column":8},"end":{"line":31,"column":35}}]},"9":{"type":"branch","line":31,"loc":{"start":{"line":31,"column":12},"end":{"line":31,"column":72}},"locations":[{"start":{"line":31,"column":12},"end":{"line":31,"column":72}}]},"10":{"type":"branch","line":31,"loc":{"start":{"line":31,"column":72},"end":{"line":35,"column":12}},"locations":[{"start":{"line":31,"column":72},"end":{"line":35,"column":12}}]},"11":{"type":"branch","line":35,"loc":{"start":{"line":35,"column":8},"end":{"line":35,"column":28}},"locations":[{"start":{"line":35,"column":8},"end":{"line":35,"column":28}}]},"12":{"type":"branch","line":35,"loc":{"start":{"line":35,"column":27},"end":{"line":43,"column":5}},"locations":[{"start":{"line":35,"column":27},"end":{"line":43,"column":5}}]},"13":{"type":"branch","line":45,"loc":{"start":{"line":45,"column":0},"end":{"line":45,"column":1}},"locations":[{"start":{"line":45,"column":0},"end":{"line":45,"column":1}}]}},"b":{"0":[6],"1":[6],"2":[1],"3":[5],"4":[1],"5":[1],"6":[4],"7":[1],"8":[3],"9":[1],"10":[1],"11":[2],"12":[1],"13":[6]},"fnMap":{"0":{"name":"UpdateAccount","decl":{"start":{"line":12,"column":4},"end":{"line":14,"column":9}},"loc":{"start":{"line":12,"column":4},"end":{"line":14,"column":9}},"line":12},"1":{"name":"execute","decl":{"start":{"line":16,"column":4},"end":{"line":45,"column":1}},"loc":{"start":{"line":16,"column":4},"end":{"line":45,"column":1}},"line":16},"2":{"name":"get","decl":{"start":{"line":45,"column":0},"end":{"line":45,"column":1}},"loc":{"start":{"line":45,"column":0},"end":{"line":45,"column":1}},"line":45}},"f":{"0":6,"1":6,"2":6}}
,"C:\\Trabalho\\dev\\src\\providers\\AppError.ts": {"path":"C:\\Trabalho\\dev\\src\\providers\\AppError.ts","all":false,"statementMap":{"0":{"start":{"line":1,"column":0},"end":{"line":1,"column":23}},"1":{"start":{"line":2,"column":0},"end":{"line":2,"column":19}},"2":{"start":{"line":3,"column":0},"end":{"line":3,"column":16}},"3":{"start":{"line":4,"column":0},"end":{"line":4,"column":46}},"4":{"start":{"line":5,"column":0},"end":{"line":5,"column":30}},"5":{"start":{"line":6,"column":0},"end":{"line":6,"column":24}},"6":{"start":{"line":7,"column":0},"end":{"line":7,"column":5}},"7":{"start":{"line":8,"column":0},"end":{"line":8,"column":1}}},"s":{"0":1,"1":1,"2":32,"3":1,"4":32,"5":32,"6":32,"7":63},"branchMap":{"0":{"type":"branch","line":2,"loc":{"start":{"line":2,"column":4},"end":{"line":3,"column":16}},"locations":[{"start":{"line":2,"column":4},"end":{"line":3,"column":16}}]},"1":{"type":"branch","line":4,"loc":{"start":{"line":4,"column":4},"end":{"line":8,"column":1}},"locations":[{"start":{"line":4,"column":4},"end":{"line":8,"column":1}}]},"2":{"type":"branch","line":8,"loc":{"start":{"line":8,"column":0},"end":{"line":8,"column":1}},"locations":[{"start":{"line":8,"column":0},"end":{"line":8,"column":1}}]}},"b":{"0":[32],"1":[32],"2":[63]},"fnMap":{"0":{"name":"<instance_members_initializer>","decl":{"start":{"line":2,"column":4},"end":{"line":3,"column":16}},"loc":{"start":{"line":2,"column":4},"end":{"line":3,"column":16}},"line":2},"1":{"name":"AppError","decl":{"start":{"line":4,"column":4},"end":{"line":8,"column":1}},"loc":{"start":{"line":4,"column":4},"end":{"line":8,"column":1}},"line":4},"2":{"name":"get","decl":{"start":{"line":8,"column":0},"end":{"line":8,"column":1}},"loc":{"start":{"line":8,"column":0},"end":{"line":8,"column":1}},"line":8}},"f":{"0":32,"1":32,"2":63}}
,"C:\\Trabalho\\dev\\src\\providers\\Validator.ts": {"path":"C:\\Trabalho\\dev\\src\\providers\\Validator.ts","all":false,"statementMap":{"0":{"start":{"line":1,"column":0},"end":{"line":1,"column":0}},"1":{"start":{"line":2,"column":0},"end":{"line":2,"column":17}},"2":{"start":{"line":3,"column":0},"end":{"line":3,"column":16}},"3":{"start":{"line":4,"column":0},"end":{"line":4,"column":17}},"4":{"start":{"line":5,"column":0},"end":{"line":5,"column":1}},"5":{"start":{"line":6,"column":0},"end":{"line":6,"column":24}},"6":{"start":{"line":7,"column":0},"end":{"line":7,"column":71}},"7":{"start":{"line":8,"column":0},"end":{"line":8,"column":59}},"8":{"start":{"line":9,"column":0},"end":{"line":9,"column":30}},"9":{"start":{"line":10,"column":0},"end":{"line":10,"column":61}},"10":{"start":{"line":11,"column":0},"end":{"line":11,"column":14}},"11":{"start":{"line":12,"column":0},"end":{"line":12,"column":5}},"12":{"start":{"line":13,"column":0},"end":{"line":13,"column":72}},"13":{"start":{"line":14,"column":0},"end":{"line":14,"column":42}},"14":{"start":{"line":15,"column":0},"end":{"line":15,"column":79}},"15":{"start":{"line":16,"column":0},"end":{"line":16,"column":9}},"16":{"start":{"line":17,"column":0},"end":{"line":17,"column":5}},"17":{"start":{"line":18,"column":0},"end":{"line":18,"column":56}},"18":{"start":{"line":19,"column":0},"end":{"line":19,"column":37}},"19":{"start":{"line":20,"column":0},"end":{"line":20,"column":57}},"20":{"start":{"line":21,"column":0},"end":{"line":21,"column":103}},"21":{"start":{"line":22,"column":0},"end":{"line":22,"column":14}},"22":{"start":{"line":23,"column":0},"end":{"line":23,"column":5}},"23":{"start":{"line":24,"column":0},"end":{"line":24,"column":1}}},"s":{"0":1,"1":1,"2":1,"3":1,"4":1,"5":1,"6":1,"7":18,"8":18,"9":18,"10":3,"11":15,"12":1,"13":12,"14":2,"15":2,"16":12,"17":1,"18":7,"19":7,"20":7,"21":2,"22":5,"23":37},"branchMap":{"0":{"type":"branch","line":7,"loc":{"start":{"line":7,"column":11},"end":{"line":12,"column":5}},"locations":[{"start":{"line":7,"column":11},"end":{"line":12,"column":5}}]},"1":{"type":"branch","line":10,"loc":{"start":{"line":10,"column":12},"end":{"line":11,"column":14}},"locations":[{"start":{"line":10,"column":12},"end":{"line":11,"column":14}}]},"2":{"type":"branch","line":11,"loc":{"start":{"line":11,"column":8},"end":{"line":12,"column":5}},"locations":[{"start":{"line":11,"column":8},"end":{"line":12,"column":5}}]},"3":{"type":"branch","line":8,"loc":{"start":{"line":8,"column":37},"end":{"line":8,"column":59}},"locations":[{"start":{"line":8,"column":37},"end":{"line":8,"column":59}}]},"4":{"type":"branch","line":13,"loc":{"start":{"line":13,"column":11},"end":{"line":17,"column":5}},"locations":[{"start":{"line":13,"column":11},"end":{"line":17,"column":5}}]},"5":{"type":"branch","line":14,"loc":{"start":{"line":14,"column":41},"end":{"line":16,"column":9}},"locations":[{"start":{"line":14,"column":41},"end":{"line":16,"column":9}}]},"6":{"type":"branch","line":18,"loc":{"start":{"line":18,"column":11},"end":{"line":24,"column":1}},"locations":[{"start":{"line":18,"column":11},"end":{"line":24,"column":1}}]},"7":{"type":"branch","line":21,"loc":{"start":{"line":21,"column":12},"end":{"line":22,"column":14}},"locations":[{"start":{"line":21,"column":12},"end":{"line":22,"column":14}}]},"8":{"type":"branch","line":22,"loc":{"start":{"line":22,"column":8},"end":{"line":23,"column":5}},"locations":[{"start":{"line":22,"column":8},"end":{"line":23,"column":5}}]},"9":{"type":"branch","line":20,"loc":{"start":{"line":20,"column":26},"end":{"line":20,"column":57}},"locations":[{"start":{"line":20,"column":26},"end":{"line":20,"column":57}}]},"10":{"type":"branch","line":21,"loc":{"start":{"line":21,"column":69},"end":{"line":21,"column":90}},"locations":[{"start":{"line":21,"column":69},"end":{"line":21,"column":90}}]},"11":{"type":"branch","line":24,"loc":{"start":{"line":24,"column":0},"end":{"line":24,"column":1}},"locations":[{"start":{"line":24,"column":0},"end":{"line":24,"column":1}}]}},"b":{"0":[18],"1":[3],"2":[15],"3":[69],"4":[12],"5":[2],"6":[7],"7":[2],"8":[5],"9":[14],"10":[4],"11":[37]},"fnMap":{"0":{"name":"requiredFields","decl":{"start":{"line":7,"column":11},"end":{"line":12,"column":5}},"loc":{"start":{"line":7,"column":11},"end":{"line":12,"column":5}},"line":7},"1":{"name":"minLengthField","decl":{"start":{"line":13,"column":11},"end":{"line":17,"column":5}},"loc":{"start":{"line":13,"column":11},"end":{"line":17,"column":5}},"line":13},"2":{"name":"equalFields","decl":{"start":{"line":18,"column":11},"end":{"line":24,"column":1}},"loc":{"start":{"line":18,"column":11},"end":{"line":24,"column":1}},"line":18},"3":{"name":"get","decl":{"start":{"line":24,"column":0},"end":{"line":24,"column":1}},"loc":{"start":{"line":24,"column":0},"end":{"line":24,"column":1}},"line":24}},"f":{"0":18,"1":12,"2":7,"3":37}}
}
